<!DOCTYPE html PUBLIC "-//W3C//DTD XHTML 1.1//EN" "http://www.w3.org/TR/xhtml11/DTD/xhtml11.dtd">
<html xmlns="http://www.w3.org/1999/xhtml">
<head>
<meta http-equiv="content-type" content="text/html; charset=UTF-8"/>
<title>TestNG Report</title>
<style type="text/css">table {margin-bottom:10px;border-collapse:collapse;empty-cells:show}th,td {border:1px solid #009;padding:.25em .5em}th {vertical-align:bottom}td {vertical-align:top}table a {font-weight:bold}.stripe td {background-color: #E6EBF9}.num {text-align:right}.passedodd td {background-color: #3F3}.passedeven td {background-color: #0A0}.skippedodd td {background-color: #DDD}.skippedeven td {background-color: #CCC}.failedodd td,.attn {background-color: #F33}.failedeven td,.stripe .attn {background-color: #D00}.stacktrace {white-space:pre;font-family:monospace}.totop {font-size:85%;text-align:center;border-bottom:2px solid #000}.invisible {display:none}</style>
</head>
<body>
<table>
<tr><th>Test</th><th># Passed</th><th># Skipped</th><th># Failed</th><th>Time (ms)</th><th>Included Groups</th><th>Excluded Groups</th></tr>
<tr><th colspan="7">Automation</th></tr>
<tr><td><a href="#t0">Sanity</a></td><td class="num">1</td><td class="num attn">6</td><td class="num">0</td><td class="num">44,238</td><td></td><td></td></tr>
</table>
<table id='summary'><thead><tr><th>Class</th><th>Method</th><th>Start</th><th>Time (ms)</th></tr></thead><tbody><tr><th colspan="4">Automation</th></tr></tbody><tbody id="t0"><tr><th colspan="4">Sanity &#8212; failed (configuration methods)</th></tr><tr class="failedeven"><td rowspan="1">com.app.testcases.HomePageTest</td><td><a href="#m0">setup</a></td><td rowspan="1">1610054429433</td><td rowspan="1">14861</td></tr><tr class="failedodd"><td rowspan="1">com.app.testcases.LoginPageTest</td><td><a href="#m1">setup</a></td><td rowspan="1">1610054444342</td><td rowspan="1">14106</td></tr><tr><th colspan="4">Sanity &#8212; skipped (configuration methods)</th></tr><tr class="skippedeven"><td rowspan="7">com.app.testcases.HomePageTest</td><td><a href="#m2">setup</a></td><td rowspan="3">1610054458465</td><td rowspan="3">0</td></tr><tr class="skippedeven"><td><a href="#m3">setup</a></td></tr><tr class="skippedeven"><td><a href="#m4">setup</a></td></tr><tr class="skippedeven"><td><a href="#m5">tearDown</a></td><td rowspan="4">1610054458457</td><td rowspan="4">0</td></tr><tr class="skippedeven"><td><a href="#m6">tearDown</a></td></tr><tr class="skippedeven"><td><a href="#m7">tearDown</a></td></tr><tr class="skippedeven"><td><a href="#m8">tearDown</a></td></tr><tr class="skippedodd"><td rowspan="3">com.app.testcases.LoginPageTest</td><td><a href="#m9">setup</a></td><td rowspan="1">1610054458459</td><td rowspan="1">0</td></tr><tr class="skippedodd"><td><a href="#m10">tearDown</a></td><td rowspan="2">1610054458462</td><td rowspan="2">0</td></tr><tr class="skippedodd"><td><a href="#m11">tearDown</a></td></tr><tr><th colspan="4">Sanity &#8212; skipped</th></tr><tr class="skippedeven"><td rowspan="4">com.app.testcases.HomePageTest</td><td><a href="#m12">clickonContactLink</a></td><td rowspan="1">1610054458463</td><td rowspan="1">0</td></tr><tr class="skippedeven"><td><a href="#m13">clickonDealsLink</a></td><td rowspan="1">1610054458465</td><td rowspan="1">0</td></tr><tr class="skippedeven"><td><a href="#m14">loggeduserValidation</a></td><td rowspan="1">1610054458456</td><td rowspan="1">0</td></tr><tr class="skippedeven"><td><a href="#m15">verifyHomePageTitle</a></td><td rowspan="1">1610054444336</td><td rowspan="1">0</td></tr><tr class="skippedodd"><td rowspan="2">com.app.testcases.LoginPageTest</td><td><a href="#m16">login</a></td><td rowspan="1">1610054458461</td><td rowspan="1">0</td></tr><tr class="skippedodd"><td><a href="#m17">logovalidation</a></td><td rowspan="1">1610054458452</td><td rowspan="1">0</td></tr><tr><th colspan="4">Sanity &#8212; passed</th></tr><tr class="passedeven"><td rowspan="1">com.app.testcases.LoginPageTest</td><td><a href="#m18">loginPagetitleTest</a></td><td rowspan="1">1610054426112</td><td rowspan="1">94</td></tr></tbody>
</table>
<h2>Sanity</h2><h3 id="m0">com.app.testcases.HomePageTest#setup</h3><table class="result"><tr><th>Exception</th></tr><tr><td><div class="stacktrace">org.openqa.selenium.SessionNotCreatedException: session not created
from chrome not reachable
  (Session info: chrome=87.0.4280.88)
Build info: version: &apos;3.141.59&apos;, revision: &apos;e82be7d358&apos;, time: &apos;2018-11-14T08:17:03&apos;
System info: host: &apos;DESKTOP-D96Q9MV&apos;, ip: &apos;192.168.56.1&apos;, os.name: &apos;Windows 10&apos;, os.arch: &apos;amd64&apos;, os.version: &apos;10.0&apos;, java.version: &apos;1.8.0_261&apos;
Driver info: driver.version: ChromeDriver
remote stacktrace: Backtrace:
	Ordinal0 [0x0125C0C3+3326147]
	Ordinal0 [0x01140851+2164817]
	Ordinal0 [0x00FC7140+618816]
	Ordinal0 [0x00FBD404+578564]
	Ordinal0 [0x00FBDACB+580299]
	Ordinal0 [0x00FBED35+585013]
	Ordinal0 [0x00FB9D61+564577]
	Ordinal0 [0x00FC82C0+623296]
	Ordinal0 [0x00F66BDD+224221]
	Ordinal0 [0x00F65CAC+220332]
	Ordinal0 [0x00F6189B+202907]
	Ordinal0 [0x00F43DF4+81396]
	Ordinal0 [0x00F44DEE+85486]
	Ordinal0 [0x00F44D79+85369]
	Ordinal0 [0x011585DC+2262492]
	GetHandleVerifier [0x013E2874+1487204]
	GetHandleVerifier [0x013E23CD+1486013]
	GetHandleVerifier [0x013EA368+1518680]
	GetHandleVerifier [0x013E2F4E+1488958]
	Ordinal0 [0x0114ED0D+2223373]
	Ordinal0 [0x0115A12B+2269483]
	Ordinal0 [0x0115A26F+2269807]
	Ordinal0 [0x0116ECB8+2354360]
	BaseThreadInitThunk [0x7734FA29+25]
	RtlGetAppContainerNamedObjectPath [0x77C175F4+228]
	RtlGetAppContainerNamedObjectPath [0x77C175C4+180]

	at org.openqa.selenium.remote.W3CHandshakeResponse.lambda$errorHandler$0(W3CHandshakeResponse.java:62)
	at org.openqa.selenium.remote.HandshakeResponse.lambda$getResponseFunction$0(HandshakeResponse.java:30)
	at org.openqa.selenium.remote.ProtocolHandshake.lambda$createSession$0(ProtocolHandshake.java:126)
	at java.util.stream.ReferencePipeline$3$1.accept(ReferencePipeline.java:193)
	at java.util.Spliterators$ArraySpliterator.tryAdvance(Spliterators.java:958)
	at java.util.stream.ReferencePipeline.forEachWithCancel(ReferencePipeline.java:126)
	at java.util.stream.AbstractPipeline.copyIntoWithCancel(AbstractPipeline.java:499)
	at java.util.stream.AbstractPipeline.copyInto(AbstractPipeline.java:486)
	at java.util.stream.AbstractPipeline.wrapAndCopyInto(AbstractPipeline.java:472)
	at java.util.stream.FindOps$FindOp.evaluateSequential(FindOps.java:152)
	at java.util.stream.AbstractPipeline.evaluate(AbstractPipeline.java:234)
	at java.util.stream.ReferencePipeline.findFirst(ReferencePipeline.java:464)
	at org.openqa.selenium.remote.ProtocolHandshake.createSession(ProtocolHandshake.java:128)
	at org.openqa.selenium.remote.ProtocolHandshake.createSession(ProtocolHandshake.java:74)
	at org.openqa.selenium.remote.HttpCommandExecutor.execute(HttpCommandExecutor.java:136)
	at org.openqa.selenium.remote.service.DriverCommandExecutor.execute(DriverCommandExecutor.java:83)
	at org.openqa.selenium.remote.RemoteWebDriver.execute(RemoteWebDriver.java:552)
	at org.openqa.selenium.remote.RemoteWebDriver.startSession(RemoteWebDriver.java:213)
	at org.openqa.selenium.remote.RemoteWebDriver.&lt;init&gt;(RemoteWebDriver.java:131)
	at org.openqa.selenium.chrome.ChromeDriver.&lt;init&gt;(ChromeDriver.java:181)
	at org.openqa.selenium.chrome.ChromeDriver.&lt;init&gt;(ChromeDriver.java:168)
	at org.openqa.selenium.chrome.ChromeDriver.&lt;init&gt;(ChromeDriver.java:123)
	at com.app.base.BaseClass.initialization(BaseClass.java:41)
	at com.app.testcases.HomePageTest.setup(HomePageTest.java:32)
... Removed 36 stack frames</div></td></tr></table><p class="totop"><a href="#summary">back to summary</a></p>
<h3 id="m1">com.app.testcases.LoginPageTest#setup</h3><table class="result"><tr><th>Exception</th></tr><tr><td><div class="stacktrace">org.openqa.selenium.SessionNotCreatedException: session not created
from chrome not reachable
  (Session info: chrome=87.0.4280.88)
Build info: version: &apos;3.141.59&apos;, revision: &apos;e82be7d358&apos;, time: &apos;2018-11-14T08:17:03&apos;
System info: host: &apos;DESKTOP-D96Q9MV&apos;, ip: &apos;192.168.56.1&apos;, os.name: &apos;Windows 10&apos;, os.arch: &apos;amd64&apos;, os.version: &apos;10.0&apos;, java.version: &apos;1.8.0_261&apos;
Driver info: driver.version: ChromeDriver
remote stacktrace: Backtrace:
	Ordinal0 [0x0125C0C3+3326147]
	Ordinal0 [0x01140851+2164817]
	Ordinal0 [0x00FC7140+618816]
	Ordinal0 [0x00FBD404+578564]
	Ordinal0 [0x00FBDACB+580299]
	Ordinal0 [0x00FBED35+585013]
	Ordinal0 [0x00FB9D61+564577]
	Ordinal0 [0x00FC82C0+623296]
	Ordinal0 [0x00F66BDD+224221]
	Ordinal0 [0x00F65CAC+220332]
	Ordinal0 [0x00F6189B+202907]
	Ordinal0 [0x00F43DF4+81396]
	Ordinal0 [0x00F44DEE+85486]
	Ordinal0 [0x00F44D79+85369]
	Ordinal0 [0x011585DC+2262492]
	GetHandleVerifier [0x013E2874+1487204]
	GetHandleVerifier [0x013E23CD+1486013]
	GetHandleVerifier [0x013EA368+1518680]
	GetHandleVerifier [0x013E2F4E+1488958]
	Ordinal0 [0x0114ED0D+2223373]
	Ordinal0 [0x0115A12B+2269483]
	Ordinal0 [0x0115A26F+2269807]
	Ordinal0 [0x0116ECB8+2354360]
	BaseThreadInitThunk [0x7734FA29+25]
	RtlGetAppContainerNamedObjectPath [0x77C175F4+228]
	RtlGetAppContainerNamedObjectPath [0x77C175C4+180]

	at org.openqa.selenium.remote.W3CHandshakeResponse.lambda$errorHandler$0(W3CHandshakeResponse.java:62)
	at org.openqa.selenium.remote.HandshakeResponse.lambda$getResponseFunction$0(HandshakeResponse.java:30)
	at org.openqa.selenium.remote.ProtocolHandshake.lambda$createSession$0(ProtocolHandshake.java:126)
	at java.util.stream.ReferencePipeline$3$1.accept(ReferencePipeline.java:193)
	at java.util.Spliterators$ArraySpliterator.tryAdvance(Spliterators.java:958)
	at java.util.stream.ReferencePipeline.forEachWithCancel(ReferencePipeline.java:126)
	at java.util.stream.AbstractPipeline.copyIntoWithCancel(AbstractPipeline.java:499)
	at java.util.stream.AbstractPipeline.copyInto(AbstractPipeline.java:486)
	at java.util.stream.AbstractPipeline.wrapAndCopyInto(AbstractPipeline.java:472)
	at java.util.stream.FindOps$FindOp.evaluateSequential(FindOps.java:152)
	at java.util.stream.AbstractPipeline.evaluate(AbstractPipeline.java:234)
	at java.util.stream.ReferencePipeline.findFirst(ReferencePipeline.java:464)
	at org.openqa.selenium.remote.ProtocolHandshake.createSession(ProtocolHandshake.java:128)
	at org.openqa.selenium.remote.ProtocolHandshake.createSession(ProtocolHandshake.java:74)
	at org.openqa.selenium.remote.HttpCommandExecutor.execute(HttpCommandExecutor.java:136)
	at org.openqa.selenium.remote.service.DriverCommandExecutor.execute(DriverCommandExecutor.java:83)
	at org.openqa.selenium.remote.RemoteWebDriver.execute(RemoteWebDriver.java:552)
	at org.openqa.selenium.remote.RemoteWebDriver.startSession(RemoteWebDriver.java:213)
	at org.openqa.selenium.remote.RemoteWebDriver.&lt;init&gt;(RemoteWebDriver.java:131)
	at org.openqa.selenium.chrome.ChromeDriver.&lt;init&gt;(ChromeDriver.java:181)
	at org.openqa.selenium.chrome.ChromeDriver.&lt;init&gt;(ChromeDriver.java:168)
	at org.openqa.selenium.chrome.ChromeDriver.&lt;init&gt;(ChromeDriver.java:123)
	at com.app.base.BaseClass.initialization(BaseClass.java:41)
	at com.app.testcases.LoginPageTest.setup(LoginPageTest.java:30)
... Removed 36 stack frames</div></td></tr></table><p class="totop"><a href="#summary">back to summary</a></p>
<h3 id="m2">com.app.testcases.HomePageTest#setup</h3><table class="result"><tr><th class="invisible"/></tr></table><p class="totop"><a href="#summary">back to summary</a></p>
<h3 id="m3">com.app.testcases.HomePageTest#setup</h3><table class="result"><tr><th class="invisible"/></tr></table><p class="totop"><a href="#summary">back to summary</a></p>
<h3 id="m4">com.app.testcases.HomePageTest#setup</h3><table class="result"><tr><th class="invisible"/></tr></table><p class="totop"><a href="#summary">back to summary</a></p>
<h3 id="m5">com.app.testcases.HomePageTest#tearDown</h3><table class="result"><tr><th class="invisible"/></tr></table><p class="totop"><a href="#summary">back to summary</a></p>
<h3 id="m6">com.app.testcases.HomePageTest#tearDown</h3><table class="result"><tr><th class="invisible"/></tr></table><p class="totop"><a href="#summary">back to summary</a></p>
<h3 id="m7">com.app.testcases.HomePageTest#tearDown</h3><table class="result"><tr><th class="invisible"/></tr></table><p class="totop"><a href="#summary">back to summary</a></p>
<h3 id="m8">com.app.testcases.HomePageTest#tearDown</h3><table class="result"><tr><th class="invisible"/></tr></table><p class="totop"><a href="#summary">back to summary</a></p>
<h3 id="m9">com.app.testcases.LoginPageTest#setup</h3><table class="result"><tr><th class="invisible"/></tr></table><p class="totop"><a href="#summary">back to summary</a></p>
<h3 id="m10">com.app.testcases.LoginPageTest#tearDown</h3><table class="result"><tr><th class="invisible"/></tr></table><p class="totop"><a href="#summary">back to summary</a></p>
<h3 id="m11">com.app.testcases.LoginPageTest#tearDown</h3><table class="result"><tr><th class="invisible"/></tr></table><p class="totop"><a href="#summary">back to summary</a></p>
<h3 id="m12">com.app.testcases.HomePageTest#clickonContactLink</h3><table class="result"><tr><th>Exception</th></tr><tr><td><div class="stacktrace">org.openqa.selenium.SessionNotCreatedException: session not created
from chrome not reachable
  (Session info: chrome=87.0.4280.88)
Build info: version: &apos;3.141.59&apos;, revision: &apos;e82be7d358&apos;, time: &apos;2018-11-14T08:17:03&apos;
System info: host: &apos;DESKTOP-D96Q9MV&apos;, ip: &apos;192.168.56.1&apos;, os.name: &apos;Windows 10&apos;, os.arch: &apos;amd64&apos;, os.version: &apos;10.0&apos;, java.version: &apos;1.8.0_261&apos;
Driver info: driver.version: ChromeDriver
remote stacktrace: Backtrace:
	Ordinal0 [0x0125C0C3+3326147]
	Ordinal0 [0x01140851+2164817]
	Ordinal0 [0x00FC7140+618816]
	Ordinal0 [0x00FBD404+578564]
	Ordinal0 [0x00FBDACB+580299]
	Ordinal0 [0x00FBED35+585013]
	Ordinal0 [0x00FB9D61+564577]
	Ordinal0 [0x00FC82C0+623296]
	Ordinal0 [0x00F66BDD+224221]
	Ordinal0 [0x00F65CAC+220332]
	Ordinal0 [0x00F6189B+202907]
	Ordinal0 [0x00F43DF4+81396]
	Ordinal0 [0x00F44DEE+85486]
	Ordinal0 [0x00F44D79+85369]
	Ordinal0 [0x011585DC+2262492]
	GetHandleVerifier [0x013E2874+1487204]
	GetHandleVerifier [0x013E23CD+1486013]
	GetHandleVerifier [0x013EA368+1518680]
	GetHandleVerifier [0x013E2F4E+1488958]
	Ordinal0 [0x0114ED0D+2223373]
	Ordinal0 [0x0115A12B+2269483]
	Ordinal0 [0x0115A26F+2269807]
	Ordinal0 [0x0116ECB8+2354360]
	BaseThreadInitThunk [0x7734FA29+25]
	RtlGetAppContainerNamedObjectPath [0x77C175F4+228]
	RtlGetAppContainerNamedObjectPath [0x77C175C4+180]

	at org.openqa.selenium.remote.W3CHandshakeResponse.lambda$errorHandler$0(W3CHandshakeResponse.java:62)
	at org.openqa.selenium.remote.HandshakeResponse.lambda$getResponseFunction$0(HandshakeResponse.java:30)
	at org.openqa.selenium.remote.ProtocolHandshake.lambda$createSession$0(ProtocolHandshake.java:126)
	at java.util.stream.ReferencePipeline$3$1.accept(ReferencePipeline.java:193)
	at java.util.Spliterators$ArraySpliterator.tryAdvance(Spliterators.java:958)
	at java.util.stream.ReferencePipeline.forEachWithCancel(ReferencePipeline.java:126)
	at java.util.stream.AbstractPipeline.copyIntoWithCancel(AbstractPipeline.java:499)
	at java.util.stream.AbstractPipeline.copyInto(AbstractPipeline.java:486)
	at java.util.stream.AbstractPipeline.wrapAndCopyInto(AbstractPipeline.java:472)
	at java.util.stream.FindOps$FindOp.evaluateSequential(FindOps.java:152)
	at java.util.stream.AbstractPipeline.evaluate(AbstractPipeline.java:234)
	at java.util.stream.ReferencePipeline.findFirst(ReferencePipeline.java:464)
	at org.openqa.selenium.remote.ProtocolHandshake.createSession(ProtocolHandshake.java:128)
	at org.openqa.selenium.remote.ProtocolHandshake.createSession(ProtocolHandshake.java:74)
	at org.openqa.selenium.remote.HttpCommandExecutor.execute(HttpCommandExecutor.java:136)
	at org.openqa.selenium.remote.service.DriverCommandExecutor.execute(DriverCommandExecutor.java:83)
	at org.openqa.selenium.remote.RemoteWebDriver.execute(RemoteWebDriver.java:552)
	at org.openqa.selenium.remote.RemoteWebDriver.startSession(RemoteWebDriver.java:213)
	at org.openqa.selenium.remote.RemoteWebDriver.&lt;init&gt;(RemoteWebDriver.java:131)
	at org.openqa.selenium.chrome.ChromeDriver.&lt;init&gt;(ChromeDriver.java:181)
	at org.openqa.selenium.chrome.ChromeDriver.&lt;init&gt;(ChromeDriver.java:168)
	at org.openqa.selenium.chrome.ChromeDriver.&lt;init&gt;(ChromeDriver.java:123)
	at com.app.base.BaseClass.initialization(BaseClass.java:41)
	at com.app.testcases.HomePageTest.setup(HomePageTest.java:32)
... Removed 36 stack frames</div></td></tr></table><p class="totop"><a href="#summary">back to summary</a></p>
<h3 id="m13">com.app.testcases.HomePageTest#clickonDealsLink</h3><table class="result"><tr><th>Exception</th></tr><tr><td><div class="stacktrace">org.openqa.selenium.SessionNotCreatedException: session not created
from chrome not reachable
  (Session info: chrome=87.0.4280.88)
Build info: version: &apos;3.141.59&apos;, revision: &apos;e82be7d358&apos;, time: &apos;2018-11-14T08:17:03&apos;
System info: host: &apos;DESKTOP-D96Q9MV&apos;, ip: &apos;192.168.56.1&apos;, os.name: &apos;Windows 10&apos;, os.arch: &apos;amd64&apos;, os.version: &apos;10.0&apos;, java.version: &apos;1.8.0_261&apos;
Driver info: driver.version: ChromeDriver
remote stacktrace: Backtrace:
	Ordinal0 [0x0125C0C3+3326147]
	Ordinal0 [0x01140851+2164817]
	Ordinal0 [0x00FC7140+618816]
	Ordinal0 [0x00FBD404+578564]
	Ordinal0 [0x00FBDACB+580299]
	Ordinal0 [0x00FBED35+585013]
	Ordinal0 [0x00FB9D61+564577]
	Ordinal0 [0x00FC82C0+623296]
	Ordinal0 [0x00F66BDD+224221]
	Ordinal0 [0x00F65CAC+220332]
	Ordinal0 [0x00F6189B+202907]
	Ordinal0 [0x00F43DF4+81396]
	Ordinal0 [0x00F44DEE+85486]
	Ordinal0 [0x00F44D79+85369]
	Ordinal0 [0x011585DC+2262492]
	GetHandleVerifier [0x013E2874+1487204]
	GetHandleVerifier [0x013E23CD+1486013]
	GetHandleVerifier [0x013EA368+1518680]
	GetHandleVerifier [0x013E2F4E+1488958]
	Ordinal0 [0x0114ED0D+2223373]
	Ordinal0 [0x0115A12B+2269483]
	Ordinal0 [0x0115A26F+2269807]
	Ordinal0 [0x0116ECB8+2354360]
	BaseThreadInitThunk [0x7734FA29+25]
	RtlGetAppContainerNamedObjectPath [0x77C175F4+228]
	RtlGetAppContainerNamedObjectPath [0x77C175C4+180]

	at org.openqa.selenium.remote.W3CHandshakeResponse.lambda$errorHandler$0(W3CHandshakeResponse.java:62)
	at org.openqa.selenium.remote.HandshakeResponse.lambda$getResponseFunction$0(HandshakeResponse.java:30)
	at org.openqa.selenium.remote.ProtocolHandshake.lambda$createSession$0(ProtocolHandshake.java:126)
	at java.util.stream.ReferencePipeline$3$1.accept(ReferencePipeline.java:193)
	at java.util.Spliterators$ArraySpliterator.tryAdvance(Spliterators.java:958)
	at java.util.stream.ReferencePipeline.forEachWithCancel(ReferencePipeline.java:126)
	at java.util.stream.AbstractPipeline.copyIntoWithCancel(AbstractPipeline.java:499)
	at java.util.stream.AbstractPipeline.copyInto(AbstractPipeline.java:486)
	at java.util.stream.AbstractPipeline.wrapAndCopyInto(AbstractPipeline.java:472)
	at java.util.stream.FindOps$FindOp.evaluateSequential(FindOps.java:152)
	at java.util.stream.AbstractPipeline.evaluate(AbstractPipeline.java:234)
	at java.util.stream.ReferencePipeline.findFirst(ReferencePipeline.java:464)
	at org.openqa.selenium.remote.ProtocolHandshake.createSession(ProtocolHandshake.java:128)
	at org.openqa.selenium.remote.ProtocolHandshake.createSession(ProtocolHandshake.java:74)
	at org.openqa.selenium.remote.HttpCommandExecutor.execute(HttpCommandExecutor.java:136)
	at org.openqa.selenium.remote.service.DriverCommandExecutor.execute(DriverCommandExecutor.java:83)
	at org.openqa.selenium.remote.RemoteWebDriver.execute(RemoteWebDriver.java:552)
	at org.openqa.selenium.remote.RemoteWebDriver.startSession(RemoteWebDriver.java:213)
	at org.openqa.selenium.remote.RemoteWebDriver.&lt;init&gt;(RemoteWebDriver.java:131)
	at org.openqa.selenium.chrome.ChromeDriver.&lt;init&gt;(ChromeDriver.java:181)
	at org.openqa.selenium.chrome.ChromeDriver.&lt;init&gt;(ChromeDriver.java:168)
	at org.openqa.selenium.chrome.ChromeDriver.&lt;init&gt;(ChromeDriver.java:123)
	at com.app.base.BaseClass.initialization(BaseClass.java:41)
	at com.app.testcases.HomePageTest.setup(HomePageTest.java:32)
... Removed 36 stack frames</div></td></tr></table><p class="totop"><a href="#summary">back to summary</a></p>
<h3 id="m14">com.app.testcases.HomePageTest#loggeduserValidation</h3><table class="result"><tr><th>Exception</th></tr><tr><td><div class="stacktrace">org.openqa.selenium.SessionNotCreatedException: session not created
from chrome not reachable
  (Session info: chrome=87.0.4280.88)
Build info: version: &apos;3.141.59&apos;, revision: &apos;e82be7d358&apos;, time: &apos;2018-11-14T08:17:03&apos;
System info: host: &apos;DESKTOP-D96Q9MV&apos;, ip: &apos;192.168.56.1&apos;, os.name: &apos;Windows 10&apos;, os.arch: &apos;amd64&apos;, os.version: &apos;10.0&apos;, java.version: &apos;1.8.0_261&apos;
Driver info: driver.version: ChromeDriver
remote stacktrace: Backtrace:
	Ordinal0 [0x0125C0C3+3326147]
	Ordinal0 [0x01140851+2164817]
	Ordinal0 [0x00FC7140+618816]
	Ordinal0 [0x00FBD404+578564]
	Ordinal0 [0x00FBDACB+580299]
	Ordinal0 [0x00FBED35+585013]
	Ordinal0 [0x00FB9D61+564577]
	Ordinal0 [0x00FC82C0+623296]
	Ordinal0 [0x00F66BDD+224221]
	Ordinal0 [0x00F65CAC+220332]
	Ordinal0 [0x00F6189B+202907]
	Ordinal0 [0x00F43DF4+81396]
	Ordinal0 [0x00F44DEE+85486]
	Ordinal0 [0x00F44D79+85369]
	Ordinal0 [0x011585DC+2262492]
	GetHandleVerifier [0x013E2874+1487204]
	GetHandleVerifier [0x013E23CD+1486013]
	GetHandleVerifier [0x013EA368+1518680]
	GetHandleVerifier [0x013E2F4E+1488958]
	Ordinal0 [0x0114ED0D+2223373]
	Ordinal0 [0x0115A12B+2269483]
	Ordinal0 [0x0115A26F+2269807]
	Ordinal0 [0x0116ECB8+2354360]
	BaseThreadInitThunk [0x7734FA29+25]
	RtlGetAppContainerNamedObjectPath [0x77C175F4+228]
	RtlGetAppContainerNamedObjectPath [0x77C175C4+180]

	at org.openqa.selenium.remote.W3CHandshakeResponse.lambda$errorHandler$0(W3CHandshakeResponse.java:62)
	at org.openqa.selenium.remote.HandshakeResponse.lambda$getResponseFunction$0(HandshakeResponse.java:30)
	at org.openqa.selenium.remote.ProtocolHandshake.lambda$createSession$0(ProtocolHandshake.java:126)
	at java.util.stream.ReferencePipeline$3$1.accept(ReferencePipeline.java:193)
	at java.util.Spliterators$ArraySpliterator.tryAdvance(Spliterators.java:958)
	at java.util.stream.ReferencePipeline.forEachWithCancel(ReferencePipeline.java:126)
	at java.util.stream.AbstractPipeline.copyIntoWithCancel(AbstractPipeline.java:499)
	at java.util.stream.AbstractPipeline.copyInto(AbstractPipeline.java:486)
	at java.util.stream.AbstractPipeline.wrapAndCopyInto(AbstractPipeline.java:472)
	at java.util.stream.FindOps$FindOp.evaluateSequential(FindOps.java:152)
	at java.util.stream.AbstractPipeline.evaluate(AbstractPipeline.java:234)
	at java.util.stream.ReferencePipeline.findFirst(ReferencePipeline.java:464)
	at org.openqa.selenium.remote.ProtocolHandshake.createSession(ProtocolHandshake.java:128)
	at org.openqa.selenium.remote.ProtocolHandshake.createSession(ProtocolHandshake.java:74)
	at org.openqa.selenium.remote.HttpCommandExecutor.execute(HttpCommandExecutor.java:136)
	at org.openqa.selenium.remote.service.DriverCommandExecutor.execute(DriverCommandExecutor.java:83)
	at org.openqa.selenium.remote.RemoteWebDriver.execute(RemoteWebDriver.java:552)
	at org.openqa.selenium.remote.RemoteWebDriver.startSession(RemoteWebDriver.java:213)
	at org.openqa.selenium.remote.RemoteWebDriver.&lt;init&gt;(RemoteWebDriver.java:131)
	at org.openqa.selenium.chrome.ChromeDriver.&lt;init&gt;(ChromeDriver.java:181)
	at org.openqa.selenium.chrome.ChromeDriver.&lt;init&gt;(ChromeDriver.java:168)
	at org.openqa.selenium.chrome.ChromeDriver.&lt;init&gt;(ChromeDriver.java:123)
	at com.app.base.BaseClass.initialization(BaseClass.java:41)
	at com.app.testcases.HomePageTest.setup(HomePageTest.java:32)
... Removed 36 stack frames</div></td></tr></table><p class="totop"><a href="#summary">back to summary</a></p>
<h3 id="m15">com.app.testcases.HomePageTest#verifyHomePageTitle</h3><table class="result"><tr><th>Exception</th></tr><tr><td><div class="stacktrace">org.openqa.selenium.SessionNotCreatedException: session not created
from chrome not reachable
  (Session info: chrome=87.0.4280.88)
Build info: version: &apos;3.141.59&apos;, revision: &apos;e82be7d358&apos;, time: &apos;2018-11-14T08:17:03&apos;
System info: host: &apos;DESKTOP-D96Q9MV&apos;, ip: &apos;192.168.56.1&apos;, os.name: &apos;Windows 10&apos;, os.arch: &apos;amd64&apos;, os.version: &apos;10.0&apos;, java.version: &apos;1.8.0_261&apos;
Driver info: driver.version: ChromeDriver
remote stacktrace: Backtrace:
	Ordinal0 [0x0125C0C3+3326147]
	Ordinal0 [0x01140851+2164817]
	Ordinal0 [0x00FC7140+618816]
	Ordinal0 [0x00FBD404+578564]
	Ordinal0 [0x00FBDACB+580299]
	Ordinal0 [0x00FBED35+585013]
	Ordinal0 [0x00FB9D61+564577]
	Ordinal0 [0x00FC82C0+623296]
	Ordinal0 [0x00F66BDD+224221]
	Ordinal0 [0x00F65CAC+220332]
	Ordinal0 [0x00F6189B+202907]
	Ordinal0 [0x00F43DF4+81396]
	Ordinal0 [0x00F44DEE+85486]
	Ordinal0 [0x00F44D79+85369]
	Ordinal0 [0x011585DC+2262492]
	GetHandleVerifier [0x013E2874+1487204]
	GetHandleVerifier [0x013E23CD+1486013]
	GetHandleVerifier [0x013EA368+1518680]
	GetHandleVerifier [0x013E2F4E+1488958]
	Ordinal0 [0x0114ED0D+2223373]
	Ordinal0 [0x0115A12B+2269483]
	Ordinal0 [0x0115A26F+2269807]
	Ordinal0 [0x0116ECB8+2354360]
	BaseThreadInitThunk [0x7734FA29+25]
	RtlGetAppContainerNamedObjectPath [0x77C175F4+228]
	RtlGetAppContainerNamedObjectPath [0x77C175C4+180]

	at org.openqa.selenium.remote.W3CHandshakeResponse.lambda$errorHandler$0(W3CHandshakeResponse.java:62)
	at org.openqa.selenium.remote.HandshakeResponse.lambda$getResponseFunction$0(HandshakeResponse.java:30)
	at org.openqa.selenium.remote.ProtocolHandshake.lambda$createSession$0(ProtocolHandshake.java:126)
	at java.util.stream.ReferencePipeline$3$1.accept(ReferencePipeline.java:193)
	at java.util.Spliterators$ArraySpliterator.tryAdvance(Spliterators.java:958)
	at java.util.stream.ReferencePipeline.forEachWithCancel(ReferencePipeline.java:126)
	at java.util.stream.AbstractPipeline.copyIntoWithCancel(AbstractPipeline.java:499)
	at java.util.stream.AbstractPipeline.copyInto(AbstractPipeline.java:486)
	at java.util.stream.AbstractPipeline.wrapAndCopyInto(AbstractPipeline.java:472)
	at java.util.stream.FindOps$FindOp.evaluateSequential(FindOps.java:152)
	at java.util.stream.AbstractPipeline.evaluate(AbstractPipeline.java:234)
	at java.util.stream.ReferencePipeline.findFirst(ReferencePipeline.java:464)
	at org.openqa.selenium.remote.ProtocolHandshake.createSession(ProtocolHandshake.java:128)
	at org.openqa.selenium.remote.ProtocolHandshake.createSession(ProtocolHandshake.java:74)
	at org.openqa.selenium.remote.HttpCommandExecutor.execute(HttpCommandExecutor.java:136)
	at org.openqa.selenium.remote.service.DriverCommandExecutor.execute(DriverCommandExecutor.java:83)
	at org.openqa.selenium.remote.RemoteWebDriver.execute(RemoteWebDriver.java:552)
	at org.openqa.selenium.remote.RemoteWebDriver.startSession(RemoteWebDriver.java:213)
	at org.openqa.selenium.remote.RemoteWebDriver.&lt;init&gt;(RemoteWebDriver.java:131)
	at org.openqa.selenium.chrome.ChromeDriver.&lt;init&gt;(ChromeDriver.java:181)
	at org.openqa.selenium.chrome.ChromeDriver.&lt;init&gt;(ChromeDriver.java:168)
	at org.openqa.selenium.chrome.ChromeDriver.&lt;init&gt;(ChromeDriver.java:123)
	at com.app.base.BaseClass.initialization(BaseClass.java:41)
	at com.app.testcases.HomePageTest.setup(HomePageTest.java:32)
... Removed 36 stack frames</div></td></tr></table><p class="totop"><a href="#summary">back to summary</a></p>
<h3 id="m16">com.app.testcases.LoginPageTest#login</h3><table class="result"><tr><th>Exception</th></tr><tr><td><div class="stacktrace">org.openqa.selenium.SessionNotCreatedException: session not created
from chrome not reachable
  (Session info: chrome=87.0.4280.88)
Build info: version: &apos;3.141.59&apos;, revision: &apos;e82be7d358&apos;, time: &apos;2018-11-14T08:17:03&apos;
System info: host: &apos;DESKTOP-D96Q9MV&apos;, ip: &apos;192.168.56.1&apos;, os.name: &apos;Windows 10&apos;, os.arch: &apos;amd64&apos;, os.version: &apos;10.0&apos;, java.version: &apos;1.8.0_261&apos;
Driver info: driver.version: ChromeDriver
remote stacktrace: Backtrace:
	Ordinal0 [0x0125C0C3+3326147]
	Ordinal0 [0x01140851+2164817]
	Ordinal0 [0x00FC7140+618816]
	Ordinal0 [0x00FBD404+578564]
	Ordinal0 [0x00FBDACB+580299]
	Ordinal0 [0x00FBED35+585013]
	Ordinal0 [0x00FB9D61+564577]
	Ordinal0 [0x00FC82C0+623296]
	Ordinal0 [0x00F66BDD+224221]
	Ordinal0 [0x00F65CAC+220332]
	Ordinal0 [0x00F6189B+202907]
	Ordinal0 [0x00F43DF4+81396]
	Ordinal0 [0x00F44DEE+85486]
	Ordinal0 [0x00F44D79+85369]
	Ordinal0 [0x011585DC+2262492]
	GetHandleVerifier [0x013E2874+1487204]
	GetHandleVerifier [0x013E23CD+1486013]
	GetHandleVerifier [0x013EA368+1518680]
	GetHandleVerifier [0x013E2F4E+1488958]
	Ordinal0 [0x0114ED0D+2223373]
	Ordinal0 [0x0115A12B+2269483]
	Ordinal0 [0x0115A26F+2269807]
	Ordinal0 [0x0116ECB8+2354360]
	BaseThreadInitThunk [0x7734FA29+25]
	RtlGetAppContainerNamedObjectPath [0x77C175F4+228]
	RtlGetAppContainerNamedObjectPath [0x77C175C4+180]

	at org.openqa.selenium.remote.W3CHandshakeResponse.lambda$errorHandler$0(W3CHandshakeResponse.java:62)
	at org.openqa.selenium.remote.HandshakeResponse.lambda$getResponseFunction$0(HandshakeResponse.java:30)
	at org.openqa.selenium.remote.ProtocolHandshake.lambda$createSession$0(ProtocolHandshake.java:126)
	at java.util.stream.ReferencePipeline$3$1.accept(ReferencePipeline.java:193)
	at java.util.Spliterators$ArraySpliterator.tryAdvance(Spliterators.java:958)
	at java.util.stream.ReferencePipeline.forEachWithCancel(ReferencePipeline.java:126)
	at java.util.stream.AbstractPipeline.copyIntoWithCancel(AbstractPipeline.java:499)
	at java.util.stream.AbstractPipeline.copyInto(AbstractPipeline.java:486)
	at java.util.stream.AbstractPipeline.wrapAndCopyInto(AbstractPipeline.java:472)
	at java.util.stream.FindOps$FindOp.evaluateSequential(FindOps.java:152)
	at java.util.stream.AbstractPipeline.evaluate(AbstractPipeline.java:234)
	at java.util.stream.ReferencePipeline.findFirst(ReferencePipeline.java:464)
	at org.openqa.selenium.remote.ProtocolHandshake.createSession(ProtocolHandshake.java:128)
	at org.openqa.selenium.remote.ProtocolHandshake.createSession(ProtocolHandshake.java:74)
	at org.openqa.selenium.remote.HttpCommandExecutor.execute(HttpCommandExecutor.java:136)
	at org.openqa.selenium.remote.service.DriverCommandExecutor.execute(DriverCommandExecutor.java:83)
	at org.openqa.selenium.remote.RemoteWebDriver.execute(RemoteWebDriver.java:552)
	at org.openqa.selenium.remote.RemoteWebDriver.startSession(RemoteWebDriver.java:213)
	at org.openqa.selenium.remote.RemoteWebDriver.&lt;init&gt;(RemoteWebDriver.java:131)
	at org.openqa.selenium.chrome.ChromeDriver.&lt;init&gt;(ChromeDriver.java:181)
	at org.openqa.selenium.chrome.ChromeDriver.&lt;init&gt;(ChromeDriver.java:168)
	at org.openqa.selenium.chrome.ChromeDriver.&lt;init&gt;(ChromeDriver.java:123)
	at com.app.base.BaseClass.initialization(BaseClass.java:41)
	at com.app.testcases.LoginPageTest.setup(LoginPageTest.java:30)
... Removed 36 stack frames</div></td></tr></table><p class="totop"><a href="#summary">back to summary</a></p>
<h3 id="m17">com.app.testcases.LoginPageTest#logovalidation</h3><table class="result"><tr><th>Exception</th></tr><tr><td><div class="stacktrace">org.openqa.selenium.SessionNotCreatedException: session not created
from chrome not reachable
  (Session info: chrome=87.0.4280.88)
Build info: version: &apos;3.141.59&apos;, revision: &apos;e82be7d358&apos;, time: &apos;2018-11-14T08:17:03&apos;
System info: host: &apos;DESKTOP-D96Q9MV&apos;, ip: &apos;192.168.56.1&apos;, os.name: &apos;Windows 10&apos;, os.arch: &apos;amd64&apos;, os.version: &apos;10.0&apos;, java.version: &apos;1.8.0_261&apos;
Driver info: driver.version: ChromeDriver
remote stacktrace: Backtrace:
	Ordinal0 [0x0125C0C3+3326147]
	Ordinal0 [0x01140851+2164817]
	Ordinal0 [0x00FC7140+618816]
	Ordinal0 [0x00FBD404+578564]
	Ordinal0 [0x00FBDACB+580299]
	Ordinal0 [0x00FBED35+585013]
	Ordinal0 [0x00FB9D61+564577]
	Ordinal0 [0x00FC82C0+623296]
	Ordinal0 [0x00F66BDD+224221]
	Ordinal0 [0x00F65CAC+220332]
	Ordinal0 [0x00F6189B+202907]
	Ordinal0 [0x00F43DF4+81396]
	Ordinal0 [0x00F44DEE+85486]
	Ordinal0 [0x00F44D79+85369]
	Ordinal0 [0x011585DC+2262492]
	GetHandleVerifier [0x013E2874+1487204]
	GetHandleVerifier [0x013E23CD+1486013]
	GetHandleVerifier [0x013EA368+1518680]
	GetHandleVerifier [0x013E2F4E+1488958]
	Ordinal0 [0x0114ED0D+2223373]
	Ordinal0 [0x0115A12B+2269483]
	Ordinal0 [0x0115A26F+2269807]
	Ordinal0 [0x0116ECB8+2354360]
	BaseThreadInitThunk [0x7734FA29+25]
	RtlGetAppContainerNamedObjectPath [0x77C175F4+228]
	RtlGetAppContainerNamedObjectPath [0x77C175C4+180]

	at org.openqa.selenium.remote.W3CHandshakeResponse.lambda$errorHandler$0(W3CHandshakeResponse.java:62)
	at org.openqa.selenium.remote.HandshakeResponse.lambda$getResponseFunction$0(HandshakeResponse.java:30)
	at org.openqa.selenium.remote.ProtocolHandshake.lambda$createSession$0(ProtocolHandshake.java:126)
	at java.util.stream.ReferencePipeline$3$1.accept(ReferencePipeline.java:193)
	at java.util.Spliterators$ArraySpliterator.tryAdvance(Spliterators.java:958)
	at java.util.stream.ReferencePipeline.forEachWithCancel(ReferencePipeline.java:126)
	at java.util.stream.AbstractPipeline.copyIntoWithCancel(AbstractPipeline.java:499)
	at java.util.stream.AbstractPipeline.copyInto(AbstractPipeline.java:486)
	at java.util.stream.AbstractPipeline.wrapAndCopyInto(AbstractPipeline.java:472)
	at java.util.stream.FindOps$FindOp.evaluateSequential(FindOps.java:152)
	at java.util.stream.AbstractPipeline.evaluate(AbstractPipeline.java:234)
	at java.util.stream.ReferencePipeline.findFirst(ReferencePipeline.java:464)
	at org.openqa.selenium.remote.ProtocolHandshake.createSession(ProtocolHandshake.java:128)
	at org.openqa.selenium.remote.ProtocolHandshake.createSession(ProtocolHandshake.java:74)
	at org.openqa.selenium.remote.HttpCommandExecutor.execute(HttpCommandExecutor.java:136)
	at org.openqa.selenium.remote.service.DriverCommandExecutor.execute(DriverCommandExecutor.java:83)
	at org.openqa.selenium.remote.RemoteWebDriver.execute(RemoteWebDriver.java:552)
	at org.openqa.selenium.remote.RemoteWebDriver.startSession(RemoteWebDriver.java:213)
	at org.openqa.selenium.remote.RemoteWebDriver.&lt;init&gt;(RemoteWebDriver.java:131)
	at org.openqa.selenium.chrome.ChromeDriver.&lt;init&gt;(ChromeDriver.java:181)
	at org.openqa.selenium.chrome.ChromeDriver.&lt;init&gt;(ChromeDriver.java:168)
	at org.openqa.selenium.chrome.ChromeDriver.&lt;init&gt;(ChromeDriver.java:123)
	at com.app.base.BaseClass.initialization(BaseClass.java:41)
	at com.app.testcases.LoginPageTest.setup(LoginPageTest.java:30)
... Removed 36 stack frames</div></td></tr></table><p class="totop"><a href="#summary">back to summary</a></p>
<h3 id="m18">com.app.testcases.LoginPageTest#loginPagetitleTest</h3><table class="result"><tr><th class="invisible"/></tr></table><p class="totop"><a href="#summary">back to summary</a></p>
</body>
</html>
