<?xml version="1.0" encoding="UTF-8"?>
<testsuite xmlns:xsi="http://www.w3.org/2001/XMLSchema-instance" xsi:noNamespaceSchemaLocation="https://maven.apache.org/surefire/maven-surefire-plugin/xsd/surefire-test-report.xsd" name="TestSuite" time="49.876" tests="19" errors="0" skipped="16" failures="2">
  <properties>
    <property name="sun.desktop" value="windows"/>
    <property name="awt.toolkit" value="sun.awt.windows.WToolkit"/>
    <property name="file.encoding.pkg" value="sun.io"/>
    <property name="java.specification.version" value="1.8"/>
    <property name="sun.cpu.isalist" value="amd64"/>
    <property name="sun.jnu.encoding" value="Cp1252"/>
    <property name="java.class.path" value="C:\Users\nehal\eclipse-workspace\TestAutomation1\target\test-classes;C:\Users\nehal\eclipse-workspace\TestAutomation1\target\classes;C:\Users\nehal\.m2\repository\org\seleniumhq\selenium\selenium-java\3.141.59\selenium-java-3.141.59.jar;C:\Users\nehal\.m2\repository\org\seleniumhq\selenium\selenium-api\3.141.59\selenium-api-3.141.59.jar;C:\Users\nehal\.m2\repository\org\seleniumhq\selenium\selenium-chrome-driver\3.141.59\selenium-chrome-driver-3.141.59.jar;C:\Users\nehal\.m2\repository\org\seleniumhq\selenium\selenium-edge-driver\3.141.59\selenium-edge-driver-3.141.59.jar;C:\Users\nehal\.m2\repository\org\seleniumhq\selenium\selenium-firefox-driver\3.141.59\selenium-firefox-driver-3.141.59.jar;C:\Users\nehal\.m2\repository\org\seleniumhq\selenium\selenium-ie-driver\3.141.59\selenium-ie-driver-3.141.59.jar;C:\Users\nehal\.m2\repository\org\seleniumhq\selenium\selenium-opera-driver\3.141.59\selenium-opera-driver-3.141.59.jar;C:\Users\nehal\.m2\repository\org\seleniumhq\selenium\selenium-remote-driver\3.141.59\selenium-remote-driver-3.141.59.jar;C:\Users\nehal\.m2\repository\org\seleniumhq\selenium\selenium-safari-driver\3.141.59\selenium-safari-driver-3.141.59.jar;C:\Users\nehal\.m2\repository\org\seleniumhq\selenium\selenium-support\3.141.59\selenium-support-3.141.59.jar;C:\Users\nehal\.m2\repository\net\bytebuddy\byte-buddy\1.8.15\byte-buddy-1.8.15.jar;C:\Users\nehal\.m2\repository\org\apache\commons\commons-exec\1.3\commons-exec-1.3.jar;C:\Users\nehal\.m2\repository\com\google\guava\guava\25.0-jre\guava-25.0-jre.jar;C:\Users\nehal\.m2\repository\com\google\code\findbugs\jsr305\1.3.9\jsr305-1.3.9.jar;C:\Users\nehal\.m2\repository\org\checkerframework\checker-compat-qual\2.0.0\checker-compat-qual-2.0.0.jar;C:\Users\nehal\.m2\repository\com\google\errorprone\error_prone_annotations\2.1.3\error_prone_annotations-2.1.3.jar;C:\Users\nehal\.m2\repository\com\google\j2objc\j2objc-annotations\1.1\j2objc-annotations-1.1.jar;C:\Users\nehal\.m2\repository\org\codehaus\mojo\animal-sniffer-annotations\1.14\animal-sniffer-annotations-1.14.jar;C:\Users\nehal\.m2\repository\com\squareup\okhttp3\okhttp\3.11.0\okhttp-3.11.0.jar;C:\Users\nehal\.m2\repository\com\squareup\okio\okio\1.14.0\okio-1.14.0.jar;C:\Users\nehal\.m2\repository\org\testng\testng\6.14.3\testng-6.14.3.jar;C:\Users\nehal\.m2\repository\com\beust\jcommander\1.72\jcommander-1.72.jar;C:\Users\nehal\.m2\repository\org\apache-extras\beanshell\bsh\2.0b6\bsh-2.0b6.jar;C:\Users\nehal\.m2\repository\org\apache\poi\poi\4.1.2\poi-4.1.2.jar;C:\Users\nehal\.m2\repository\commons-codec\commons-codec\1.13\commons-codec-1.13.jar;C:\Users\nehal\.m2\repository\org\apache\commons\commons-collections4\4.4\commons-collections4-4.4.jar;C:\Users\nehal\.m2\repository\org\apache\commons\commons-math3\3.6.1\commons-math3-3.6.1.jar;C:\Users\nehal\.m2\repository\com\zaxxer\SparseBitSet\1.2\SparseBitSet-1.2.jar;C:\Users\nehal\.m2\repository\org\apache\poi\poi-ooxml\4.1.2\poi-ooxml-4.1.2.jar;C:\Users\nehal\.m2\repository\org\apache\poi\poi-ooxml-schemas\4.1.2\poi-ooxml-schemas-4.1.2.jar;C:\Users\nehal\.m2\repository\org\apache\xmlbeans\xmlbeans\3.1.0\xmlbeans-3.1.0.jar;C:\Users\nehal\.m2\repository\org\apache\commons\commons-compress\1.19\commons-compress-1.19.jar;C:\Users\nehal\.m2\repository\com\github\virtuald\curvesapi\1.06\curvesapi-1.06.jar;C:\Users\nehal\.m2\repository\org\apache\commons\commons-lang3\3.11\commons-lang3-3.11.jar;C:\Users\nehal\.m2\repository\commons-io\commons-io\2.8.0\commons-io-2.8.0.jar;C:\Users\nehal\.m2\repository\log4j\log4j\1.2.17\log4j-1.2.17.jar;C:\Users\nehal\.m2\repository\com\aventstack\extentreports\5.0.5\extentreports-5.0.5.jar;C:\Users\nehal\.m2\repository\io\reactivex\rxjava3\rxjava\3.0.4\rxjava-3.0.4.jar;C:\Users\nehal\.m2\repository\org\reactivestreams\reactive-streams\1.0.3\reactive-streams-1.0.3.jar;C:\Users\nehal\.m2\repository\org\freemarker\freemarker\2.3.30\freemarker-2.3.30.jar;C:\Users\nehal\.m2\repository\org\projectlombok\lombok\1.18.12\lombok-1.18.12.jar;C:\Users\nehal\.m2\repository\com\google\code\gson\gson\2.8.6\gson-2.8.6.jar;"/>
    <property name="java.vm.vendor" value="Oracle Corporation"/>
    <property name="sun.arch.data.model" value="64"/>
    <property name="user.variant" value=""/>
    <property name="java.vendor.url" value="http://java.oracle.com/"/>
    <property name="user.timezone" value="Europe/London"/>
    <property name="java.vm.specification.version" value="1.8"/>
    <property name="os.name" value="Windows 10"/>
    <property name="user.country" value="GB"/>
    <property name="sun.java.launcher" value="SUN_STANDARD"/>
    <property name="sun.boot.library.path" value="C:\Program Files\Java\jdk1.8.0_261\jre\bin"/>
    <property name="sun.java.command" value="C:\Users\nehal\AppData\Local\Temp\surefire8316418966810905911\surefirebooter6050864336691547305.jar C:\Users\nehal\AppData\Local\Temp\surefire8316418966810905911 2021-01-07T21-20-08_460-jvmRun1 surefire7877970809060052507tmp surefire_03092822578571166104tmp"/>
    <property name="surefire.test.class.path" value="C:\Users\nehal\eclipse-workspace\TestAutomation1\target\test-classes;C:\Users\nehal\eclipse-workspace\TestAutomation1\target\classes;C:\Users\nehal\.m2\repository\org\seleniumhq\selenium\selenium-java\3.141.59\selenium-java-3.141.59.jar;C:\Users\nehal\.m2\repository\org\seleniumhq\selenium\selenium-api\3.141.59\selenium-api-3.141.59.jar;C:\Users\nehal\.m2\repository\org\seleniumhq\selenium\selenium-chrome-driver\3.141.59\selenium-chrome-driver-3.141.59.jar;C:\Users\nehal\.m2\repository\org\seleniumhq\selenium\selenium-edge-driver\3.141.59\selenium-edge-driver-3.141.59.jar;C:\Users\nehal\.m2\repository\org\seleniumhq\selenium\selenium-firefox-driver\3.141.59\selenium-firefox-driver-3.141.59.jar;C:\Users\nehal\.m2\repository\org\seleniumhq\selenium\selenium-ie-driver\3.141.59\selenium-ie-driver-3.141.59.jar;C:\Users\nehal\.m2\repository\org\seleniumhq\selenium\selenium-opera-driver\3.141.59\selenium-opera-driver-3.141.59.jar;C:\Users\nehal\.m2\repository\org\seleniumhq\selenium\selenium-remote-driver\3.141.59\selenium-remote-driver-3.141.59.jar;C:\Users\nehal\.m2\repository\org\seleniumhq\selenium\selenium-safari-driver\3.141.59\selenium-safari-driver-3.141.59.jar;C:\Users\nehal\.m2\repository\org\seleniumhq\selenium\selenium-support\3.141.59\selenium-support-3.141.59.jar;C:\Users\nehal\.m2\repository\net\bytebuddy\byte-buddy\1.8.15\byte-buddy-1.8.15.jar;C:\Users\nehal\.m2\repository\org\apache\commons\commons-exec\1.3\commons-exec-1.3.jar;C:\Users\nehal\.m2\repository\com\google\guava\guava\25.0-jre\guava-25.0-jre.jar;C:\Users\nehal\.m2\repository\com\google\code\findbugs\jsr305\1.3.9\jsr305-1.3.9.jar;C:\Users\nehal\.m2\repository\org\checkerframework\checker-compat-qual\2.0.0\checker-compat-qual-2.0.0.jar;C:\Users\nehal\.m2\repository\com\google\errorprone\error_prone_annotations\2.1.3\error_prone_annotations-2.1.3.jar;C:\Users\nehal\.m2\repository\com\google\j2objc\j2objc-annotations\1.1\j2objc-annotations-1.1.jar;C:\Users\nehal\.m2\repository\org\codehaus\mojo\animal-sniffer-annotations\1.14\animal-sniffer-annotations-1.14.jar;C:\Users\nehal\.m2\repository\com\squareup\okhttp3\okhttp\3.11.0\okhttp-3.11.0.jar;C:\Users\nehal\.m2\repository\com\squareup\okio\okio\1.14.0\okio-1.14.0.jar;C:\Users\nehal\.m2\repository\org\testng\testng\6.14.3\testng-6.14.3.jar;C:\Users\nehal\.m2\repository\com\beust\jcommander\1.72\jcommander-1.72.jar;C:\Users\nehal\.m2\repository\org\apache-extras\beanshell\bsh\2.0b6\bsh-2.0b6.jar;C:\Users\nehal\.m2\repository\org\apache\poi\poi\4.1.2\poi-4.1.2.jar;C:\Users\nehal\.m2\repository\commons-codec\commons-codec\1.13\commons-codec-1.13.jar;C:\Users\nehal\.m2\repository\org\apache\commons\commons-collections4\4.4\commons-collections4-4.4.jar;C:\Users\nehal\.m2\repository\org\apache\commons\commons-math3\3.6.1\commons-math3-3.6.1.jar;C:\Users\nehal\.m2\repository\com\zaxxer\SparseBitSet\1.2\SparseBitSet-1.2.jar;C:\Users\nehal\.m2\repository\org\apache\poi\poi-ooxml\4.1.2\poi-ooxml-4.1.2.jar;C:\Users\nehal\.m2\repository\org\apache\poi\poi-ooxml-schemas\4.1.2\poi-ooxml-schemas-4.1.2.jar;C:\Users\nehal\.m2\repository\org\apache\xmlbeans\xmlbeans\3.1.0\xmlbeans-3.1.0.jar;C:\Users\nehal\.m2\repository\org\apache\commons\commons-compress\1.19\commons-compress-1.19.jar;C:\Users\nehal\.m2\repository\com\github\virtuald\curvesapi\1.06\curvesapi-1.06.jar;C:\Users\nehal\.m2\repository\org\apache\commons\commons-lang3\3.11\commons-lang3-3.11.jar;C:\Users\nehal\.m2\repository\commons-io\commons-io\2.8.0\commons-io-2.8.0.jar;C:\Users\nehal\.m2\repository\log4j\log4j\1.2.17\log4j-1.2.17.jar;C:\Users\nehal\.m2\repository\com\aventstack\extentreports\5.0.5\extentreports-5.0.5.jar;C:\Users\nehal\.m2\repository\io\reactivex\rxjava3\rxjava\3.0.4\rxjava-3.0.4.jar;C:\Users\nehal\.m2\repository\org\reactivestreams\reactive-streams\1.0.3\reactive-streams-1.0.3.jar;C:\Users\nehal\.m2\repository\org\freemarker\freemarker\2.3.30\freemarker-2.3.30.jar;C:\Users\nehal\.m2\repository\org\projectlombok\lombok\1.18.12\lombok-1.18.12.jar;C:\Users\nehal\.m2\repository\com\google\code\gson\gson\2.8.6\gson-2.8.6.jar;"/>
    <property name="sun.cpu.endian" value="little"/>
    <property name="user.home" value="C:\Users\nehal"/>
    <property name="user.language" value="en"/>
    <property name="java.specification.vendor" value="Oracle Corporation"/>
    <property name="java.home" value="C:\Program Files\Java\jdk1.8.0_261\jre"/>
    <property name="basedir" value="C:\Users\nehal\eclipse-workspace\TestAutomation1"/>
    <property name="file.separator" value="\"/>
    <property name="line.separator" value="&#10;"/>
    <property name="java.vm.specification.vendor" value="Oracle Corporation"/>
    <property name="java.specification.name" value="Java Platform API Specification"/>
    <property name="java.awt.graphicsenv" value="sun.awt.Win32GraphicsEnvironment"/>
    <property name="surefire.real.class.path" value="C:\Users\nehal\AppData\Local\Temp\surefire8316418966810905911\surefirebooter6050864336691547305.jar"/>
    <property name="sun.boot.class.path" value="C:\Program Files\Java\jdk1.8.0_261\jre\lib\resources.jar;C:\Program Files\Java\jdk1.8.0_261\jre\lib\rt.jar;C:\Program Files\Java\jdk1.8.0_261\jre\lib\sunrsasign.jar;C:\Program Files\Java\jdk1.8.0_261\jre\lib\jsse.jar;C:\Program Files\Java\jdk1.8.0_261\jre\lib\jce.jar;C:\Program Files\Java\jdk1.8.0_261\jre\lib\charsets.jar;C:\Program Files\Java\jdk1.8.0_261\jre\lib\jfr.jar;C:\Program Files\Java\jdk1.8.0_261\jre\classes"/>
    <property name="user.script" value=""/>
    <property name="sun.management.compiler" value="HotSpot 64-Bit Tiered Compilers"/>
    <property name="java.runtime.version" value="1.8.0_261-b12"/>
    <property name="user.name" value="nehal"/>
    <property name="path.separator" value=";"/>
    <property name="os.version" value="10.0"/>
    <property name="java.endorsed.dirs" value="C:\Program Files\Java\jdk1.8.0_261\jre\lib\endorsed"/>
    <property name="java.runtime.name" value="Java(TM) SE Runtime Environment"/>
    <property name="file.encoding" value="Cp1252"/>
    <property name="java.vm.name" value="Java HotSpot(TM) 64-Bit Server VM"/>
    <property name="localRepository" value="C:\Users\nehal\.m2\repository"/>
    <property name="java.vendor.url.bug" value="http://bugreport.sun.com/bugreport/"/>
    <property name="java.io.tmpdir" value="C:\Users\nehal\AppData\Local\Temp\"/>
    <property name="java.version" value="1.8.0_261"/>
    <property name="user.dir" value="C:\Users\nehal\eclipse-workspace\TestAutomation1"/>
    <property name="os.arch" value="amd64"/>
    <property name="java.vm.specification.name" value="Java Virtual Machine Specification"/>
    <property name="java.awt.printerjob" value="sun.awt.windows.WPrinterJob"/>
    <property name="sun.os.patch.level" value=""/>
    <property name="java.library.path" value="C:\Program Files\Java\jdk1.8.0_261\jre\bin;C:\WINDOWS\Sun\Java\bin;C:\WINDOWS\system32;C:\WINDOWS;C:/Program Files/Java/jre1.8.0_261/bin/server;C:/Program Files/Java/jre1.8.0_261/bin;C:/Program Files/Java/jre1.8.0_261/lib/amd64;C:\Program Files (x86)\Common Files\Oracle\Java\javapath;%TRICENTIS_HOME%;%TBOX_HOME%\Resources\Mobile\Tools;C:\WINDOWS\system32;C:\WINDOWS;C:\WINDOWS\System32\Wbem;C:\WINDOWS\System32\WindowsPowerShell\v1.0\;C:\WINDOWS\System32\OpenSSH\;C:\Program Files\nodejs\;C:\Program Files\Git\cmd;C:\Program Files\Java\jdk1.8.0_261\bin;C:\Program Files\Gauge\bin;C:\Program Files\Docker\Docker\resources\bin;C:\ProgramData\DockerDesktop\version-bin;C:\Maven\bin;C:\Maven\bin;C:\Users\nehal\AppData\Local\Microsoft\WindowsApps;C:\Users\nehal\AppData\Local\Programs\Microsoft VS Code\bin;C:\Users\nehal\AppData\Roaming\npm;C:\Users\nehal\genrocket\bin;C:\Maven\bin;C:\Users\nehal\AppData\Local\Google\Cloud SDK\google-cloud-sdk\bin;C:\eclipse;;."/>
    <property name="java.vm.info" value="mixed mode"/>
    <property name="java.vendor" value="Oracle Corporation"/>
    <property name="java.vm.version" value="25.261-b12"/>
    <property name="java.ext.dirs" value="C:\Program Files\Java\jdk1.8.0_261\jre\lib\ext;C:\WINDOWS\Sun\Java\lib\ext"/>
    <property name="sun.io.unicode.encoding" value="UnicodeLittle"/>
    <property name="java.class.version" value="52.0"/>
  </properties>
  <testcase name="loginPagetitleTest" classname="com.app.testcases.LoginPageTest" time="1.726"/>
  <testcase name="setup" classname="com.app.testcases.HomePageTest" time="18.186">
    <failure message="session not created&#10;from chrome not reachable&#10;  (Session info: chrome=87.0.4280.88)&#10;Build info: version: &apos;3.141.59&apos;, revision: &apos;e82be7d358&apos;, time: &apos;2018-11-14T08:17:03&apos;&#10;System info: host: &apos;DESKTOP-D96Q9MV&apos;, ip: &apos;192.168.56.1&apos;, os.name: &apos;Windows 10&apos;, os.arch: &apos;amd64&apos;, os.version: &apos;10.0&apos;, java.version: &apos;1.8.0_261&apos;&#10;Driver info: driver.version: ChromeDriver&#10;remote stacktrace: Backtrace:&#10;	Ordinal0 [0x0125C0C3+3326147]&#10;	Ordinal0 [0x01140851+2164817]&#10;	Ordinal0 [0x00FC7140+618816]&#10;	Ordinal0 [0x00FBD404+578564]&#10;	Ordinal0 [0x00FBDACB+580299]&#10;	Ordinal0 [0x00FBED35+585013]&#10;	Ordinal0 [0x00FB9D61+564577]&#10;	Ordinal0 [0x00FC82C0+623296]&#10;	Ordinal0 [0x00F66BDD+224221]&#10;	Ordinal0 [0x00F65CAC+220332]&#10;	Ordinal0 [0x00F6189B+202907]&#10;	Ordinal0 [0x00F43DF4+81396]&#10;	Ordinal0 [0x00F44DEE+85486]&#10;	Ordinal0 [0x00F44D79+85369]&#10;	Ordinal0 [0x011585DC+2262492]&#10;	GetHandleVerifier [0x013E2874+1487204]&#10;	GetHandleVerifier [0x013E23CD+1486013]&#10;	GetHandleVerifier [0x013EA368+1518680]&#10;	GetHandleVerifier [0x013E2F4E+1488958]&#10;	Ordinal0 [0x0114ED0D+2223373]&#10;	Ordinal0 [0x0115A12B+2269483]&#10;	Ordinal0 [0x0115A26F+2269807]&#10;	Ordinal0 [0x0116ECB8+2354360]&#10;	BaseThreadInitThunk [0x7734FA29+25]&#10;	RtlGetAppContainerNamedObjectPath [0x77C175F4+228]&#10;	RtlGetAppContainerNamedObjectPath [0x77C175C4+180]&#10;" type="org.openqa.selenium.SessionNotCreatedException">org.openqa.selenium.SessionNotCreatedException: 
session not created
from chrome not reachable
  (Session info: chrome=87.0.4280.88)
Build info: version: '3.141.59', revision: 'e82be7d358', time: '2018-11-14T08:17:03'
System info: host: 'DESKTOP-D96Q9MV', ip: '192.168.56.1', os.name: 'Windows 10', os.arch: 'amd64', os.version: '10.0', java.version: '1.8.0_261'
Driver info: driver.version: ChromeDriver
remote stacktrace: Backtrace:
	Ordinal0 [0x0125C0C3+3326147]
	Ordinal0 [0x01140851+2164817]
	Ordinal0 [0x00FC7140+618816]
	Ordinal0 [0x00FBD404+578564]
	Ordinal0 [0x00FBDACB+580299]
	Ordinal0 [0x00FBED35+585013]
	Ordinal0 [0x00FB9D61+564577]
	Ordinal0 [0x00FC82C0+623296]
	Ordinal0 [0x00F66BDD+224221]
	Ordinal0 [0x00F65CAC+220332]
	Ordinal0 [0x00F6189B+202907]
	Ordinal0 [0x00F43DF4+81396]
	Ordinal0 [0x00F44DEE+85486]
	Ordinal0 [0x00F44D79+85369]
	Ordinal0 [0x011585DC+2262492]
	GetHandleVerifier [0x013E2874+1487204]
	GetHandleVerifier [0x013E23CD+1486013]
	GetHandleVerifier [0x013EA368+1518680]
	GetHandleVerifier [0x013E2F4E+1488958]
	Ordinal0 [0x0114ED0D+2223373]
	Ordinal0 [0x0115A12B+2269483]
	Ordinal0 [0x0115A26F+2269807]
	Ordinal0 [0x0116ECB8+2354360]
	BaseThreadInitThunk [0x7734FA29+25]
	RtlGetAppContainerNamedObjectPath [0x77C175F4+228]
	RtlGetAppContainerNamedObjectPath [0x77C175C4+180]

	at com.app.testcases.HomePageTest.setup(HomePageTest.java:32)
</failure>
    <system-err><![CDATA[Starting ChromeDriver 87.0.4280.88 (89e2380a3e36c3464b5dd1302349b1382549290d-refs/branch-heads/4280@{#1761}) on port 23691
Only local connections are allowed.
Please see https://chromedriver.chromium.org/security-considerations for suggestions on keeping ChromeDriver safe.
ChromeDriver was started successfully.
[1610054436.105][WARNING]: Timed out connecting to Chrome, retrying...
]]></system-err>
  </testcase>
  <testcase name="setup" classname="com.app.testcases.HomePageTest" time="0">
    <skipped/>
  </testcase>
  <testcase name="setup" classname="com.app.testcases.HomePageTest" time="0">
    <skipped/>
  </testcase>
  <testcase name="setup" classname="com.app.testcases.HomePageTest" time="0">
    <skipped/>
  </testcase>
  <testcase name="verifyHomePageTitle" classname="com.app.testcases.HomePageTest" time="0">
    <skipped message="session not created&#10;from chrome not reachable&#10;  (Session info: chrome=87.0.4280.88)&#10;Build info: version: &apos;3.141.59&apos;, revision: &apos;e82be7d358&apos;, time: &apos;2018-11-14T08:17:03&apos;&#10;System info: host: &apos;DESKTOP-D96Q9MV&apos;, ip: &apos;192.168.56.1&apos;, os.name: &apos;Windows 10&apos;, os.arch: &apos;amd64&apos;, os.version: &apos;10.0&apos;, java.version: &apos;1.8.0_261&apos;&#10;Driver info: driver.version: ChromeDriver&#10;remote stacktrace: Backtrace:&#10;	Ordinal0 [0x0125C0C3+3326147]&#10;	Ordinal0 [0x01140851+2164817]&#10;	Ordinal0 [0x00FC7140+618816]&#10;	Ordinal0 [0x00FBD404+578564]&#10;	Ordinal0 [0x00FBDACB+580299]&#10;	Ordinal0 [0x00FBED35+585013]&#10;	Ordinal0 [0x00FB9D61+564577]&#10;	Ordinal0 [0x00FC82C0+623296]&#10;	Ordinal0 [0x00F66BDD+224221]&#10;	Ordinal0 [0x00F65CAC+220332]&#10;	Ordinal0 [0x00F6189B+202907]&#10;	Ordinal0 [0x00F43DF4+81396]&#10;	Ordinal0 [0x00F44DEE+85486]&#10;	Ordinal0 [0x00F44D79+85369]&#10;	Ordinal0 [0x011585DC+2262492]&#10;	GetHandleVerifier [0x013E2874+1487204]&#10;	GetHandleVerifier [0x013E23CD+1486013]&#10;	GetHandleVerifier [0x013EA368+1518680]&#10;	GetHandleVerifier [0x013E2F4E+1488958]&#10;	Ordinal0 [0x0114ED0D+2223373]&#10;	Ordinal0 [0x0115A12B+2269483]&#10;	Ordinal0 [0x0115A26F+2269807]&#10;	Ordinal0 [0x0116ECB8+2354360]&#10;	BaseThreadInitThunk [0x7734FA29+25]&#10;	RtlGetAppContainerNamedObjectPath [0x77C175F4+228]&#10;	RtlGetAppContainerNamedObjectPath [0x77C175C4+180]&#10;"/>
  </testcase>
  <testcase name="tearDown" classname="com.app.testcases.HomePageTest" time="0">
    <skipped/>
  </testcase>
  <testcase name="tearDown" classname="com.app.testcases.HomePageTest" time="0">
    <skipped/>
  </testcase>
  <testcase name="tearDown" classname="com.app.testcases.HomePageTest" time="0">
    <skipped/>
  </testcase>
  <testcase name="tearDown" classname="com.app.testcases.HomePageTest" time="0">
    <skipped/>
  </testcase>
  <testcase name="setup" classname="com.app.testcases.LoginPageTest" time="32.319">
    <failure message="session not created&#10;from chrome not reachable&#10;  (Session info: chrome=87.0.4280.88)&#10;Build info: version: &apos;3.141.59&apos;, revision: &apos;e82be7d358&apos;, time: &apos;2018-11-14T08:17:03&apos;&#10;System info: host: &apos;DESKTOP-D96Q9MV&apos;, ip: &apos;192.168.56.1&apos;, os.name: &apos;Windows 10&apos;, os.arch: &apos;amd64&apos;, os.version: &apos;10.0&apos;, java.version: &apos;1.8.0_261&apos;&#10;Driver info: driver.version: ChromeDriver&#10;remote stacktrace: Backtrace:&#10;	Ordinal0 [0x0125C0C3+3326147]&#10;	Ordinal0 [0x01140851+2164817]&#10;	Ordinal0 [0x00FC7140+618816]&#10;	Ordinal0 [0x00FBD404+578564]&#10;	Ordinal0 [0x00FBDACB+580299]&#10;	Ordinal0 [0x00FBED35+585013]&#10;	Ordinal0 [0x00FB9D61+564577]&#10;	Ordinal0 [0x00FC82C0+623296]&#10;	Ordinal0 [0x00F66BDD+224221]&#10;	Ordinal0 [0x00F65CAC+220332]&#10;	Ordinal0 [0x00F6189B+202907]&#10;	Ordinal0 [0x00F43DF4+81396]&#10;	Ordinal0 [0x00F44DEE+85486]&#10;	Ordinal0 [0x00F44D79+85369]&#10;	Ordinal0 [0x011585DC+2262492]&#10;	GetHandleVerifier [0x013E2874+1487204]&#10;	GetHandleVerifier [0x013E23CD+1486013]&#10;	GetHandleVerifier [0x013EA368+1518680]&#10;	GetHandleVerifier [0x013E2F4E+1488958]&#10;	Ordinal0 [0x0114ED0D+2223373]&#10;	Ordinal0 [0x0115A12B+2269483]&#10;	Ordinal0 [0x0115A26F+2269807]&#10;	Ordinal0 [0x0116ECB8+2354360]&#10;	BaseThreadInitThunk [0x7734FA29+25]&#10;	RtlGetAppContainerNamedObjectPath [0x77C175F4+228]&#10;	RtlGetAppContainerNamedObjectPath [0x77C175C4+180]&#10;" type="org.openqa.selenium.SessionNotCreatedException">org.openqa.selenium.SessionNotCreatedException: 
session not created
from chrome not reachable
  (Session info: chrome=87.0.4280.88)
Build info: version: '3.141.59', revision: 'e82be7d358', time: '2018-11-14T08:17:03'
System info: host: 'DESKTOP-D96Q9MV', ip: '192.168.56.1', os.name: 'Windows 10', os.arch: 'amd64', os.version: '10.0', java.version: '1.8.0_261'
Driver info: driver.version: ChromeDriver
remote stacktrace: Backtrace:
	Ordinal0 [0x0125C0C3+3326147]
	Ordinal0 [0x01140851+2164817]
	Ordinal0 [0x00FC7140+618816]
	Ordinal0 [0x00FBD404+578564]
	Ordinal0 [0x00FBDACB+580299]
	Ordinal0 [0x00FBED35+585013]
	Ordinal0 [0x00FB9D61+564577]
	Ordinal0 [0x00FC82C0+623296]
	Ordinal0 [0x00F66BDD+224221]
	Ordinal0 [0x00F65CAC+220332]
	Ordinal0 [0x00F6189B+202907]
	Ordinal0 [0x00F43DF4+81396]
	Ordinal0 [0x00F44DEE+85486]
	Ordinal0 [0x00F44D79+85369]
	Ordinal0 [0x011585DC+2262492]
	GetHandleVerifier [0x013E2874+1487204]
	GetHandleVerifier [0x013E23CD+1486013]
	GetHandleVerifier [0x013EA368+1518680]
	GetHandleVerifier [0x013E2F4E+1488958]
	Ordinal0 [0x0114ED0D+2223373]
	Ordinal0 [0x0115A12B+2269483]
	Ordinal0 [0x0115A26F+2269807]
	Ordinal0 [0x0116ECB8+2354360]
	BaseThreadInitThunk [0x7734FA29+25]
	RtlGetAppContainerNamedObjectPath [0x77C175F4+228]
	RtlGetAppContainerNamedObjectPath [0x77C175C4+180]

	at com.app.testcases.LoginPageTest.setup(LoginPageTest.java:30)
</failure>
    <system-err><![CDATA[Starting ChromeDriver 87.0.4280.88 (89e2380a3e36c3464b5dd1302349b1382549290d-refs/branch-heads/4280@{#1761}) on port 17265
Only local connections are allowed.
Please see https://chromedriver.chromium.org/security-considerations for suggestions on keeping ChromeDriver safe.
ChromeDriver was started successfully.
[1610054450.330][WARNING]: Timed out connecting to Chrome, retrying...
]]></system-err>
  </testcase>
  <testcase name="setup" classname="com.app.testcases.LoginPageTest" time="0">
    <skipped/>
  </testcase>
  <testcase name="logovalidation" classname="com.app.testcases.LoginPageTest" time="0">
    <skipped message="session not created&#10;from chrome not reachable&#10;  (Session info: chrome=87.0.4280.88)&#10;Build info: version: &apos;3.141.59&apos;, revision: &apos;e82be7d358&apos;, time: &apos;2018-11-14T08:17:03&apos;&#10;System info: host: &apos;DESKTOP-D96Q9MV&apos;, ip: &apos;192.168.56.1&apos;, os.name: &apos;Windows 10&apos;, os.arch: &apos;amd64&apos;, os.version: &apos;10.0&apos;, java.version: &apos;1.8.0_261&apos;&#10;Driver info: driver.version: ChromeDriver&#10;remote stacktrace: Backtrace:&#10;	Ordinal0 [0x0125C0C3+3326147]&#10;	Ordinal0 [0x01140851+2164817]&#10;	Ordinal0 [0x00FC7140+618816]&#10;	Ordinal0 [0x00FBD404+578564]&#10;	Ordinal0 [0x00FBDACB+580299]&#10;	Ordinal0 [0x00FBED35+585013]&#10;	Ordinal0 [0x00FB9D61+564577]&#10;	Ordinal0 [0x00FC82C0+623296]&#10;	Ordinal0 [0x00F66BDD+224221]&#10;	Ordinal0 [0x00F65CAC+220332]&#10;	Ordinal0 [0x00F6189B+202907]&#10;	Ordinal0 [0x00F43DF4+81396]&#10;	Ordinal0 [0x00F44DEE+85486]&#10;	Ordinal0 [0x00F44D79+85369]&#10;	Ordinal0 [0x011585DC+2262492]&#10;	GetHandleVerifier [0x013E2874+1487204]&#10;	GetHandleVerifier [0x013E23CD+1486013]&#10;	GetHandleVerifier [0x013EA368+1518680]&#10;	GetHandleVerifier [0x013E2F4E+1488958]&#10;	Ordinal0 [0x0114ED0D+2223373]&#10;	Ordinal0 [0x0115A12B+2269483]&#10;	Ordinal0 [0x0115A26F+2269807]&#10;	Ordinal0 [0x0116ECB8+2354360]&#10;	BaseThreadInitThunk [0x7734FA29+25]&#10;	RtlGetAppContainerNamedObjectPath [0x77C175F4+228]&#10;	RtlGetAppContainerNamedObjectPath [0x77C175C4+180]&#10;"/>
  </testcase>
  <testcase name="tearDown" classname="com.app.testcases.LoginPageTest" time="0">
    <skipped/>
  </testcase>
  <testcase name="tearDown" classname="com.app.testcases.LoginPageTest" time="0">
    <skipped/>
  </testcase>
  <testcase name="loggeduserValidation" classname="com.app.testcases.HomePageTest" time="0">
    <skipped message="session not created&#10;from chrome not reachable&#10;  (Session info: chrome=87.0.4280.88)&#10;Build info: version: &apos;3.141.59&apos;, revision: &apos;e82be7d358&apos;, time: &apos;2018-11-14T08:17:03&apos;&#10;System info: host: &apos;DESKTOP-D96Q9MV&apos;, ip: &apos;192.168.56.1&apos;, os.name: &apos;Windows 10&apos;, os.arch: &apos;amd64&apos;, os.version: &apos;10.0&apos;, java.version: &apos;1.8.0_261&apos;&#10;Driver info: driver.version: ChromeDriver&#10;remote stacktrace: Backtrace:&#10;	Ordinal0 [0x0125C0C3+3326147]&#10;	Ordinal0 [0x01140851+2164817]&#10;	Ordinal0 [0x00FC7140+618816]&#10;	Ordinal0 [0x00FBD404+578564]&#10;	Ordinal0 [0x00FBDACB+580299]&#10;	Ordinal0 [0x00FBED35+585013]&#10;	Ordinal0 [0x00FB9D61+564577]&#10;	Ordinal0 [0x00FC82C0+623296]&#10;	Ordinal0 [0x00F66BDD+224221]&#10;	Ordinal0 [0x00F65CAC+220332]&#10;	Ordinal0 [0x00F6189B+202907]&#10;	Ordinal0 [0x00F43DF4+81396]&#10;	Ordinal0 [0x00F44DEE+85486]&#10;	Ordinal0 [0x00F44D79+85369]&#10;	Ordinal0 [0x011585DC+2262492]&#10;	GetHandleVerifier [0x013E2874+1487204]&#10;	GetHandleVerifier [0x013E23CD+1486013]&#10;	GetHandleVerifier [0x013EA368+1518680]&#10;	GetHandleVerifier [0x013E2F4E+1488958]&#10;	Ordinal0 [0x0114ED0D+2223373]&#10;	Ordinal0 [0x0115A12B+2269483]&#10;	Ordinal0 [0x0115A26F+2269807]&#10;	Ordinal0 [0x0116ECB8+2354360]&#10;	BaseThreadInitThunk [0x7734FA29+25]&#10;	RtlGetAppContainerNamedObjectPath [0x77C175F4+228]&#10;	RtlGetAppContainerNamedObjectPath [0x77C175C4+180]&#10;"/>
  </testcase>
  <testcase name="login" classname="com.app.testcases.LoginPageTest" time="0">
    <skipped message="session not created&#10;from chrome not reachable&#10;  (Session info: chrome=87.0.4280.88)&#10;Build info: version: &apos;3.141.59&apos;, revision: &apos;e82be7d358&apos;, time: &apos;2018-11-14T08:17:03&apos;&#10;System info: host: &apos;DESKTOP-D96Q9MV&apos;, ip: &apos;192.168.56.1&apos;, os.name: &apos;Windows 10&apos;, os.arch: &apos;amd64&apos;, os.version: &apos;10.0&apos;, java.version: &apos;1.8.0_261&apos;&#10;Driver info: driver.version: ChromeDriver&#10;remote stacktrace: Backtrace:&#10;	Ordinal0 [0x0125C0C3+3326147]&#10;	Ordinal0 [0x01140851+2164817]&#10;	Ordinal0 [0x00FC7140+618816]&#10;	Ordinal0 [0x00FBD404+578564]&#10;	Ordinal0 [0x00FBDACB+580299]&#10;	Ordinal0 [0x00FBED35+585013]&#10;	Ordinal0 [0x00FB9D61+564577]&#10;	Ordinal0 [0x00FC82C0+623296]&#10;	Ordinal0 [0x00F66BDD+224221]&#10;	Ordinal0 [0x00F65CAC+220332]&#10;	Ordinal0 [0x00F6189B+202907]&#10;	Ordinal0 [0x00F43DF4+81396]&#10;	Ordinal0 [0x00F44DEE+85486]&#10;	Ordinal0 [0x00F44D79+85369]&#10;	Ordinal0 [0x011585DC+2262492]&#10;	GetHandleVerifier [0x013E2874+1487204]&#10;	GetHandleVerifier [0x013E23CD+1486013]&#10;	GetHandleVerifier [0x013EA368+1518680]&#10;	GetHandleVerifier [0x013E2F4E+1488958]&#10;	Ordinal0 [0x0114ED0D+2223373]&#10;	Ordinal0 [0x0115A12B+2269483]&#10;	Ordinal0 [0x0115A26F+2269807]&#10;	Ordinal0 [0x0116ECB8+2354360]&#10;	BaseThreadInitThunk [0x7734FA29+25]&#10;	RtlGetAppContainerNamedObjectPath [0x77C175F4+228]&#10;	RtlGetAppContainerNamedObjectPath [0x77C175C4+180]&#10;"/>
  </testcase>
  <testcase name="clickonContactLink" classname="com.app.testcases.HomePageTest" time="0">
    <skipped message="session not created&#10;from chrome not reachable&#10;  (Session info: chrome=87.0.4280.88)&#10;Build info: version: &apos;3.141.59&apos;, revision: &apos;e82be7d358&apos;, time: &apos;2018-11-14T08:17:03&apos;&#10;System info: host: &apos;DESKTOP-D96Q9MV&apos;, ip: &apos;192.168.56.1&apos;, os.name: &apos;Windows 10&apos;, os.arch: &apos;amd64&apos;, os.version: &apos;10.0&apos;, java.version: &apos;1.8.0_261&apos;&#10;Driver info: driver.version: ChromeDriver&#10;remote stacktrace: Backtrace:&#10;	Ordinal0 [0x0125C0C3+3326147]&#10;	Ordinal0 [0x01140851+2164817]&#10;	Ordinal0 [0x00FC7140+618816]&#10;	Ordinal0 [0x00FBD404+578564]&#10;	Ordinal0 [0x00FBDACB+580299]&#10;	Ordinal0 [0x00FBED35+585013]&#10;	Ordinal0 [0x00FB9D61+564577]&#10;	Ordinal0 [0x00FC82C0+623296]&#10;	Ordinal0 [0x00F66BDD+224221]&#10;	Ordinal0 [0x00F65CAC+220332]&#10;	Ordinal0 [0x00F6189B+202907]&#10;	Ordinal0 [0x00F43DF4+81396]&#10;	Ordinal0 [0x00F44DEE+85486]&#10;	Ordinal0 [0x00F44D79+85369]&#10;	Ordinal0 [0x011585DC+2262492]&#10;	GetHandleVerifier [0x013E2874+1487204]&#10;	GetHandleVerifier [0x013E23CD+1486013]&#10;	GetHandleVerifier [0x013EA368+1518680]&#10;	GetHandleVerifier [0x013E2F4E+1488958]&#10;	Ordinal0 [0x0114ED0D+2223373]&#10;	Ordinal0 [0x0115A12B+2269483]&#10;	Ordinal0 [0x0115A26F+2269807]&#10;	Ordinal0 [0x0116ECB8+2354360]&#10;	BaseThreadInitThunk [0x7734FA29+25]&#10;	RtlGetAppContainerNamedObjectPath [0x77C175F4+228]&#10;	RtlGetAppContainerNamedObjectPath [0x77C175C4+180]&#10;"/>
  </testcase>
  <testcase name="clickonDealsLink" classname="com.app.testcases.HomePageTest" time="0">
    <skipped message="session not created&#10;from chrome not reachable&#10;  (Session info: chrome=87.0.4280.88)&#10;Build info: version: &apos;3.141.59&apos;, revision: &apos;e82be7d358&apos;, time: &apos;2018-11-14T08:17:03&apos;&#10;System info: host: &apos;DESKTOP-D96Q9MV&apos;, ip: &apos;192.168.56.1&apos;, os.name: &apos;Windows 10&apos;, os.arch: &apos;amd64&apos;, os.version: &apos;10.0&apos;, java.version: &apos;1.8.0_261&apos;&#10;Driver info: driver.version: ChromeDriver&#10;remote stacktrace: Backtrace:&#10;	Ordinal0 [0x0125C0C3+3326147]&#10;	Ordinal0 [0x01140851+2164817]&#10;	Ordinal0 [0x00FC7140+618816]&#10;	Ordinal0 [0x00FBD404+578564]&#10;	Ordinal0 [0x00FBDACB+580299]&#10;	Ordinal0 [0x00FBED35+585013]&#10;	Ordinal0 [0x00FB9D61+564577]&#10;	Ordinal0 [0x00FC82C0+623296]&#10;	Ordinal0 [0x00F66BDD+224221]&#10;	Ordinal0 [0x00F65CAC+220332]&#10;	Ordinal0 [0x00F6189B+202907]&#10;	Ordinal0 [0x00F43DF4+81396]&#10;	Ordinal0 [0x00F44DEE+85486]&#10;	Ordinal0 [0x00F44D79+85369]&#10;	Ordinal0 [0x011585DC+2262492]&#10;	GetHandleVerifier [0x013E2874+1487204]&#10;	GetHandleVerifier [0x013E23CD+1486013]&#10;	GetHandleVerifier [0x013EA368+1518680]&#10;	GetHandleVerifier [0x013E2F4E+1488958]&#10;	Ordinal0 [0x0114ED0D+2223373]&#10;	Ordinal0 [0x0115A12B+2269483]&#10;	Ordinal0 [0x0115A26F+2269807]&#10;	Ordinal0 [0x0116ECB8+2354360]&#10;	BaseThreadInitThunk [0x7734FA29+25]&#10;	RtlGetAppContainerNamedObjectPath [0x77C175F4+228]&#10;	RtlGetAppContainerNamedObjectPath [0x77C175C4+180]&#10;"/>
  </testcase>
</testsuite>