<?xml version="1.0" encoding="UTF-8"?>
<testng-results skipped="6" failed="0" ignored="0" total="7" passed="1">
  <reporter-output>
  </reporter-output>
  <suite name="Automation" duration-ms="44238" started-at="2021-01-07T21:20:14Z" finished-at="2021-01-07T21:20:58Z">
    <groups>
    </groups>
    <test name="Sanity" duration-ms="44238" started-at="2021-01-07T21:20:14Z" finished-at="2021-01-07T21:20:58Z">
      <class name="com.app.testcases.LoginPageTest">
        <test-method status="PASS" signature="setup()[pri:0, instance:com.app.testcases.LoginPageTest@11dc3715]" name="setup" is-config="true" duration-ms="11818" started-at="2021-01-07T21:20:14Z" finished-at="2021-01-07T21:20:26Z">
          <reporter-output>
          </reporter-output>
        </test-method> <!-- setup -->
        <test-method status="PASS" signature="loginPagetitleTest()[pri:1, instance:com.app.testcases.LoginPageTest@11dc3715]" name="loginPagetitleTest" duration-ms="94" started-at="2021-01-07T21:20:26Z" finished-at="2021-01-07T21:20:26Z">
          <reporter-output>
          </reporter-output>
        </test-method> <!-- loginPagetitleTest -->
        <test-method status="PASS" signature="tearDown()[pri:0, instance:com.app.testcases.LoginPageTest@11dc3715]" name="tearDown" is-config="true" duration-ms="1539" started-at="2021-01-07T21:20:27Z" finished-at="2021-01-07T21:20:29Z">
          <reporter-output>
          </reporter-output>
        </test-method> <!-- tearDown -->
        <test-method status="FAIL" signature="setup()[pri:0, instance:com.app.testcases.LoginPageTest@11dc3715]" name="setup" is-config="true" duration-ms="14106" started-at="2021-01-07T21:20:44Z" finished-at="2021-01-07T21:20:58Z">
          <exception class="org.openqa.selenium.SessionNotCreatedException">
            <message>
              <![CDATA[session not created
from chrome not reachable
  (Session info: chrome=87.0.4280.88)
Build info: version: '3.141.59', revision: 'e82be7d358', time: '2018-11-14T08:17:03'
System info: host: 'DESKTOP-D96Q9MV', ip: '192.168.56.1', os.name: 'Windows 10', os.arch: 'amd64', os.version: '10.0', java.version: '1.8.0_261'
Driver info: driver.version: ChromeDriver
remote stacktrace: Backtrace:
Ordinal0 [0x0125C0C3+3326147]
Ordinal0 [0x01140851+2164817]
Ordinal0 [0x00FC7140+618816]
Ordinal0 [0x00FBD404+578564]
Ordinal0 [0x00FBDACB+580299]
Ordinal0 [0x00FBED35+585013]
Ordinal0 [0x00FB9D61+564577]
Ordinal0 [0x00FC82C0+623296]
Ordinal0 [0x00F66BDD+224221]
Ordinal0 [0x00F65CAC+220332]
Ordinal0 [0x00F6189B+202907]
Ordinal0 [0x00F43DF4+81396]
Ordinal0 [0x00F44DEE+85486]
Ordinal0 [0x00F44D79+85369]
Ordinal0 [0x011585DC+2262492]
GetHandleVerifier [0x013E2874+1487204]
GetHandleVerifier [0x013E23CD+1486013]
GetHandleVerifier [0x013EA368+1518680]
GetHandleVerifier [0x013E2F4E+1488958]
Ordinal0 [0x0114ED0D+2223373]
Ordinal0 [0x0115A12B+2269483]
Ordinal0 [0x0115A26F+2269807]
Ordinal0 [0x0116ECB8+2354360]
BaseThreadInitThunk [0x7734FA29+25]
RtlGetAppContainerNamedObjectPath [0x77C175F4+228]
RtlGetAppContainerNamedObjectPath [0x77C175C4+180]
]]>
            </message>
            <full-stacktrace>
              <![CDATA[org.openqa.selenium.SessionNotCreatedException: session not created
from chrome not reachable
  (Session info: chrome=87.0.4280.88)
Build info: version: '3.141.59', revision: 'e82be7d358', time: '2018-11-14T08:17:03'
System info: host: 'DESKTOP-D96Q9MV', ip: '192.168.56.1', os.name: 'Windows 10', os.arch: 'amd64', os.version: '10.0', java.version: '1.8.0_261'
Driver info: driver.version: ChromeDriver
remote stacktrace: Backtrace:
Ordinal0 [0x0125C0C3+3326147]
Ordinal0 [0x01140851+2164817]
Ordinal0 [0x00FC7140+618816]
Ordinal0 [0x00FBD404+578564]
Ordinal0 [0x00FBDACB+580299]
Ordinal0 [0x00FBED35+585013]
Ordinal0 [0x00FB9D61+564577]
Ordinal0 [0x00FC82C0+623296]
Ordinal0 [0x00F66BDD+224221]
Ordinal0 [0x00F65CAC+220332]
Ordinal0 [0x00F6189B+202907]
Ordinal0 [0x00F43DF4+81396]
Ordinal0 [0x00F44DEE+85486]
Ordinal0 [0x00F44D79+85369]
Ordinal0 [0x011585DC+2262492]
GetHandleVerifier [0x013E2874+1487204]
GetHandleVerifier [0x013E23CD+1486013]
GetHandleVerifier [0x013EA368+1518680]
GetHandleVerifier [0x013E2F4E+1488958]
Ordinal0 [0x0114ED0D+2223373]
Ordinal0 [0x0115A12B+2269483]
Ordinal0 [0x0115A26F+2269807]
Ordinal0 [0x0116ECB8+2354360]
BaseThreadInitThunk [0x7734FA29+25]
RtlGetAppContainerNamedObjectPath [0x77C175F4+228]
RtlGetAppContainerNamedObjectPath [0x77C175C4+180]

at sun.reflect.NativeConstructorAccessorImpl.newInstance0(Native Method)
at sun.reflect.NativeConstructorAccessorImpl.newInstance(NativeConstructorAccessorImpl.java:62)
at sun.reflect.DelegatingConstructorAccessorImpl.newInstance(DelegatingConstructorAccessorImpl.java:45)
at java.lang.reflect.Constructor.newInstance(Constructor.java:423)
at org.openqa.selenium.remote.W3CHandshakeResponse.lambda$errorHandler$0(W3CHandshakeResponse.java:62)
at org.openqa.selenium.remote.HandshakeResponse.lambda$getResponseFunction$0(HandshakeResponse.java:30)
at org.openqa.selenium.remote.ProtocolHandshake.lambda$createSession$0(ProtocolHandshake.java:126)
at java.util.stream.ReferencePipeline$3$1.accept(ReferencePipeline.java:193)
at java.util.Spliterators$ArraySpliterator.tryAdvance(Spliterators.java:958)
at java.util.stream.ReferencePipeline.forEachWithCancel(ReferencePipeline.java:126)
at java.util.stream.AbstractPipeline.copyIntoWithCancel(AbstractPipeline.java:499)
at java.util.stream.AbstractPipeline.copyInto(AbstractPipeline.java:486)
at java.util.stream.AbstractPipeline.wrapAndCopyInto(AbstractPipeline.java:472)
at java.util.stream.FindOps$FindOp.evaluateSequential(FindOps.java:152)
at java.util.stream.AbstractPipeline.evaluate(AbstractPipeline.java:234)
at java.util.stream.ReferencePipeline.findFirst(ReferencePipeline.java:464)
at org.openqa.selenium.remote.ProtocolHandshake.createSession(ProtocolHandshake.java:128)
at org.openqa.selenium.remote.ProtocolHandshake.createSession(ProtocolHandshake.java:74)
at org.openqa.selenium.remote.HttpCommandExecutor.execute(HttpCommandExecutor.java:136)
at org.openqa.selenium.remote.service.DriverCommandExecutor.execute(DriverCommandExecutor.java:83)
at org.openqa.selenium.remote.RemoteWebDriver.execute(RemoteWebDriver.java:552)
at org.openqa.selenium.remote.RemoteWebDriver.startSession(RemoteWebDriver.java:213)
at org.openqa.selenium.remote.RemoteWebDriver.<init>(RemoteWebDriver.java:131)
at org.openqa.selenium.chrome.ChromeDriver.<init>(ChromeDriver.java:181)
at org.openqa.selenium.chrome.ChromeDriver.<init>(ChromeDriver.java:168)
at org.openqa.selenium.chrome.ChromeDriver.<init>(ChromeDriver.java:123)
at com.app.base.BaseClass.initialization(BaseClass.java:41)
at com.app.testcases.LoginPageTest.setup(LoginPageTest.java:30)
at sun.reflect.NativeMethodAccessorImpl.invoke0(Native Method)
at sun.reflect.NativeMethodAccessorImpl.invoke(NativeMethodAccessorImpl.java:62)
at sun.reflect.DelegatingMethodAccessorImpl.invoke(DelegatingMethodAccessorImpl.java:43)
at java.lang.reflect.Method.invoke(Method.java:498)
at org.testng.internal.MethodInvocationHelper.invokeMethod(MethodInvocationHelper.java:124)
at org.testng.internal.MethodInvocationHelper.invokeMethodConsideringTimeout(MethodInvocationHelper.java:59)
at org.testng.internal.Invoker.invokeConfigurationMethod(Invoker.java:458)
at org.testng.internal.Invoker.invokeConfigurations(Invoker.java:222)
at org.testng.internal.Invoker.invokeMethod(Invoker.java:523)
at org.testng.internal.Invoker.invokeTestMethod(Invoker.java:719)
at org.testng.internal.Invoker.invokeTestMethods(Invoker.java:989)
at org.testng.internal.TestMethodWorker.invokeTestMethods(TestMethodWorker.java:125)
at org.testng.internal.TestMethodWorker.run(TestMethodWorker.java:109)
at org.testng.TestRunner.privateRun(TestRunner.java:648)
at org.testng.TestRunner.run(TestRunner.java:505)
at org.testng.SuiteRunner.runTest(SuiteRunner.java:455)
at org.testng.SuiteRunner.runSequentially(SuiteRunner.java:450)
at org.testng.SuiteRunner.privateRun(SuiteRunner.java:415)
at org.testng.SuiteRunner.run(SuiteRunner.java:364)
at org.testng.SuiteRunnerWorker.runSuite(SuiteRunnerWorker.java:52)
at org.testng.SuiteRunnerWorker.run(SuiteRunnerWorker.java:84)
at org.testng.TestNG.runSuitesSequentially(TestNG.java:1208)
at org.testng.TestNG.runSuitesLocally(TestNG.java:1137)
at org.testng.TestNG.runSuites(TestNG.java:1049)
at org.testng.TestNG.run(TestNG.java:1017)
at org.apache.maven.surefire.testng.TestNGExecutor.run(TestNGExecutor.java:283)
at org.apache.maven.surefire.testng.TestNGXmlTestSuite.execute(TestNGXmlTestSuite.java:75)
at org.apache.maven.surefire.testng.TestNGProvider.invoke(TestNGProvider.java:120)
at org.apache.maven.surefire.booter.ForkedBooter.invokeProviderInSameClassLoader(ForkedBooter.java:384)
at org.apache.maven.surefire.booter.ForkedBooter.runSuitesInProcess(ForkedBooter.java:345)
at org.apache.maven.surefire.booter.ForkedBooter.execute(ForkedBooter.java:126)
at org.apache.maven.surefire.booter.ForkedBooter.main(ForkedBooter.java:418)
]]>
            </full-stacktrace>
          </exception> <!-- org.openqa.selenium.SessionNotCreatedException -->
          <reporter-output>
          </reporter-output>
        </test-method> <!-- setup -->
        <test-method status="SKIP" signature="logovalidation()[pri:2, instance:com.app.testcases.LoginPageTest@11dc3715]" name="logovalidation" duration-ms="0" started-at="2021-01-07T21:20:58Z" finished-at="2021-01-07T21:20:58Z">
          <exception class="org.openqa.selenium.SessionNotCreatedException">
            <message>
              <![CDATA[session not created
from chrome not reachable
  (Session info: chrome=87.0.4280.88)
Build info: version: '3.141.59', revision: 'e82be7d358', time: '2018-11-14T08:17:03'
System info: host: 'DESKTOP-D96Q9MV', ip: '192.168.56.1', os.name: 'Windows 10', os.arch: 'amd64', os.version: '10.0', java.version: '1.8.0_261'
Driver info: driver.version: ChromeDriver
remote stacktrace: Backtrace:
Ordinal0 [0x0125C0C3+3326147]
Ordinal0 [0x01140851+2164817]
Ordinal0 [0x00FC7140+618816]
Ordinal0 [0x00FBD404+578564]
Ordinal0 [0x00FBDACB+580299]
Ordinal0 [0x00FBED35+585013]
Ordinal0 [0x00FB9D61+564577]
Ordinal0 [0x00FC82C0+623296]
Ordinal0 [0x00F66BDD+224221]
Ordinal0 [0x00F65CAC+220332]
Ordinal0 [0x00F6189B+202907]
Ordinal0 [0x00F43DF4+81396]
Ordinal0 [0x00F44DEE+85486]
Ordinal0 [0x00F44D79+85369]
Ordinal0 [0x011585DC+2262492]
GetHandleVerifier [0x013E2874+1487204]
GetHandleVerifier [0x013E23CD+1486013]
GetHandleVerifier [0x013EA368+1518680]
GetHandleVerifier [0x013E2F4E+1488958]
Ordinal0 [0x0114ED0D+2223373]
Ordinal0 [0x0115A12B+2269483]
Ordinal0 [0x0115A26F+2269807]
Ordinal0 [0x0116ECB8+2354360]
BaseThreadInitThunk [0x7734FA29+25]
RtlGetAppContainerNamedObjectPath [0x77C175F4+228]
RtlGetAppContainerNamedObjectPath [0x77C175C4+180]
]]>
            </message>
            <full-stacktrace>
              <![CDATA[org.openqa.selenium.SessionNotCreatedException: session not created
from chrome not reachable
  (Session info: chrome=87.0.4280.88)
Build info: version: '3.141.59', revision: 'e82be7d358', time: '2018-11-14T08:17:03'
System info: host: 'DESKTOP-D96Q9MV', ip: '192.168.56.1', os.name: 'Windows 10', os.arch: 'amd64', os.version: '10.0', java.version: '1.8.0_261'
Driver info: driver.version: ChromeDriver
remote stacktrace: Backtrace:
Ordinal0 [0x0125C0C3+3326147]
Ordinal0 [0x01140851+2164817]
Ordinal0 [0x00FC7140+618816]
Ordinal0 [0x00FBD404+578564]
Ordinal0 [0x00FBDACB+580299]
Ordinal0 [0x00FBED35+585013]
Ordinal0 [0x00FB9D61+564577]
Ordinal0 [0x00FC82C0+623296]
Ordinal0 [0x00F66BDD+224221]
Ordinal0 [0x00F65CAC+220332]
Ordinal0 [0x00F6189B+202907]
Ordinal0 [0x00F43DF4+81396]
Ordinal0 [0x00F44DEE+85486]
Ordinal0 [0x00F44D79+85369]
Ordinal0 [0x011585DC+2262492]
GetHandleVerifier [0x013E2874+1487204]
GetHandleVerifier [0x013E23CD+1486013]
GetHandleVerifier [0x013EA368+1518680]
GetHandleVerifier [0x013E2F4E+1488958]
Ordinal0 [0x0114ED0D+2223373]
Ordinal0 [0x0115A12B+2269483]
Ordinal0 [0x0115A26F+2269807]
Ordinal0 [0x0116ECB8+2354360]
BaseThreadInitThunk [0x7734FA29+25]
RtlGetAppContainerNamedObjectPath [0x77C175F4+228]
RtlGetAppContainerNamedObjectPath [0x77C175C4+180]

at sun.reflect.NativeConstructorAccessorImpl.newInstance0(Native Method)
at sun.reflect.NativeConstructorAccessorImpl.newInstance(NativeConstructorAccessorImpl.java:62)
at sun.reflect.DelegatingConstructorAccessorImpl.newInstance(DelegatingConstructorAccessorImpl.java:45)
at java.lang.reflect.Constructor.newInstance(Constructor.java:423)
at org.openqa.selenium.remote.W3CHandshakeResponse.lambda$errorHandler$0(W3CHandshakeResponse.java:62)
at org.openqa.selenium.remote.HandshakeResponse.lambda$getResponseFunction$0(HandshakeResponse.java:30)
at org.openqa.selenium.remote.ProtocolHandshake.lambda$createSession$0(ProtocolHandshake.java:126)
at java.util.stream.ReferencePipeline$3$1.accept(ReferencePipeline.java:193)
at java.util.Spliterators$ArraySpliterator.tryAdvance(Spliterators.java:958)
at java.util.stream.ReferencePipeline.forEachWithCancel(ReferencePipeline.java:126)
at java.util.stream.AbstractPipeline.copyIntoWithCancel(AbstractPipeline.java:499)
at java.util.stream.AbstractPipeline.copyInto(AbstractPipeline.java:486)
at java.util.stream.AbstractPipeline.wrapAndCopyInto(AbstractPipeline.java:472)
at java.util.stream.FindOps$FindOp.evaluateSequential(FindOps.java:152)
at java.util.stream.AbstractPipeline.evaluate(AbstractPipeline.java:234)
at java.util.stream.ReferencePipeline.findFirst(ReferencePipeline.java:464)
at org.openqa.selenium.remote.ProtocolHandshake.createSession(ProtocolHandshake.java:128)
at org.openqa.selenium.remote.ProtocolHandshake.createSession(ProtocolHandshake.java:74)
at org.openqa.selenium.remote.HttpCommandExecutor.execute(HttpCommandExecutor.java:136)
at org.openqa.selenium.remote.service.DriverCommandExecutor.execute(DriverCommandExecutor.java:83)
at org.openqa.selenium.remote.RemoteWebDriver.execute(RemoteWebDriver.java:552)
at org.openqa.selenium.remote.RemoteWebDriver.startSession(RemoteWebDriver.java:213)
at org.openqa.selenium.remote.RemoteWebDriver.<init>(RemoteWebDriver.java:131)
at org.openqa.selenium.chrome.ChromeDriver.<init>(ChromeDriver.java:181)
at org.openqa.selenium.chrome.ChromeDriver.<init>(ChromeDriver.java:168)
at org.openqa.selenium.chrome.ChromeDriver.<init>(ChromeDriver.java:123)
at com.app.base.BaseClass.initialization(BaseClass.java:41)
at com.app.testcases.LoginPageTest.setup(LoginPageTest.java:30)
at sun.reflect.NativeMethodAccessorImpl.invoke0(Native Method)
at sun.reflect.NativeMethodAccessorImpl.invoke(NativeMethodAccessorImpl.java:62)
at sun.reflect.DelegatingMethodAccessorImpl.invoke(DelegatingMethodAccessorImpl.java:43)
at java.lang.reflect.Method.invoke(Method.java:498)
at org.testng.internal.MethodInvocationHelper.invokeMethod(MethodInvocationHelper.java:124)
at org.testng.internal.MethodInvocationHelper.invokeMethodConsideringTimeout(MethodInvocationHelper.java:59)
at org.testng.internal.Invoker.invokeConfigurationMethod(Invoker.java:458)
at org.testng.internal.Invoker.invokeConfigurations(Invoker.java:222)
at org.testng.internal.Invoker.invokeMethod(Invoker.java:523)
at org.testng.internal.Invoker.invokeTestMethod(Invoker.java:719)
at org.testng.internal.Invoker.invokeTestMethods(Invoker.java:989)
at org.testng.internal.TestMethodWorker.invokeTestMethods(TestMethodWorker.java:125)
at org.testng.internal.TestMethodWorker.run(TestMethodWorker.java:109)
at org.testng.TestRunner.privateRun(TestRunner.java:648)
at org.testng.TestRunner.run(TestRunner.java:505)
at org.testng.SuiteRunner.runTest(SuiteRunner.java:455)
at org.testng.SuiteRunner.runSequentially(SuiteRunner.java:450)
at org.testng.SuiteRunner.privateRun(SuiteRunner.java:415)
at org.testng.SuiteRunner.run(SuiteRunner.java:364)
at org.testng.SuiteRunnerWorker.runSuite(SuiteRunnerWorker.java:52)
at org.testng.SuiteRunnerWorker.run(SuiteRunnerWorker.java:84)
at org.testng.TestNG.runSuitesSequentially(TestNG.java:1208)
at org.testng.TestNG.runSuitesLocally(TestNG.java:1137)
at org.testng.TestNG.runSuites(TestNG.java:1049)
at org.testng.TestNG.run(TestNG.java:1017)
at org.apache.maven.surefire.testng.TestNGExecutor.run(TestNGExecutor.java:283)
at org.apache.maven.surefire.testng.TestNGXmlTestSuite.execute(TestNGXmlTestSuite.java:75)
at org.apache.maven.surefire.testng.TestNGProvider.invoke(TestNGProvider.java:120)
at org.apache.maven.surefire.booter.ForkedBooter.invokeProviderInSameClassLoader(ForkedBooter.java:384)
at org.apache.maven.surefire.booter.ForkedBooter.runSuitesInProcess(ForkedBooter.java:345)
at org.apache.maven.surefire.booter.ForkedBooter.execute(ForkedBooter.java:126)
at org.apache.maven.surefire.booter.ForkedBooter.main(ForkedBooter.java:418)
]]>
            </full-stacktrace>
          </exception> <!-- org.openqa.selenium.SessionNotCreatedException -->
          <reporter-output>
          </reporter-output>
        </test-method> <!-- logovalidation -->
        <test-method status="SKIP" signature="tearDown()[pri:0, instance:com.app.testcases.LoginPageTest@11dc3715]" name="tearDown" is-config="true" duration-ms="0" started-at="2021-01-07T21:20:58Z" finished-at="2021-01-07T21:20:58Z">
          <reporter-output>
          </reporter-output>
        </test-method> <!-- tearDown -->
        <test-method status="SKIP" signature="setup()[pri:0, instance:com.app.testcases.LoginPageTest@11dc3715]" name="setup" is-config="true" duration-ms="0" started-at="2021-01-07T21:20:58Z" finished-at="2021-01-07T21:20:58Z">
          <reporter-output>
          </reporter-output>
        </test-method> <!-- setup -->
        <test-method status="SKIP" signature="login()[pri:3, instance:com.app.testcases.LoginPageTest@11dc3715]" name="login" duration-ms="0" started-at="2021-01-07T21:20:58Z" finished-at="2021-01-07T21:20:58Z">
          <exception class="org.openqa.selenium.SessionNotCreatedException">
            <message>
              <![CDATA[session not created
from chrome not reachable
  (Session info: chrome=87.0.4280.88)
Build info: version: '3.141.59', revision: 'e82be7d358', time: '2018-11-14T08:17:03'
System info: host: 'DESKTOP-D96Q9MV', ip: '192.168.56.1', os.name: 'Windows 10', os.arch: 'amd64', os.version: '10.0', java.version: '1.8.0_261'
Driver info: driver.version: ChromeDriver
remote stacktrace: Backtrace:
Ordinal0 [0x0125C0C3+3326147]
Ordinal0 [0x01140851+2164817]
Ordinal0 [0x00FC7140+618816]
Ordinal0 [0x00FBD404+578564]
Ordinal0 [0x00FBDACB+580299]
Ordinal0 [0x00FBED35+585013]
Ordinal0 [0x00FB9D61+564577]
Ordinal0 [0x00FC82C0+623296]
Ordinal0 [0x00F66BDD+224221]
Ordinal0 [0x00F65CAC+220332]
Ordinal0 [0x00F6189B+202907]
Ordinal0 [0x00F43DF4+81396]
Ordinal0 [0x00F44DEE+85486]
Ordinal0 [0x00F44D79+85369]
Ordinal0 [0x011585DC+2262492]
GetHandleVerifier [0x013E2874+1487204]
GetHandleVerifier [0x013E23CD+1486013]
GetHandleVerifier [0x013EA368+1518680]
GetHandleVerifier [0x013E2F4E+1488958]
Ordinal0 [0x0114ED0D+2223373]
Ordinal0 [0x0115A12B+2269483]
Ordinal0 [0x0115A26F+2269807]
Ordinal0 [0x0116ECB8+2354360]
BaseThreadInitThunk [0x7734FA29+25]
RtlGetAppContainerNamedObjectPath [0x77C175F4+228]
RtlGetAppContainerNamedObjectPath [0x77C175C4+180]
]]>
            </message>
            <full-stacktrace>
              <![CDATA[org.openqa.selenium.SessionNotCreatedException: session not created
from chrome not reachable
  (Session info: chrome=87.0.4280.88)
Build info: version: '3.141.59', revision: 'e82be7d358', time: '2018-11-14T08:17:03'
System info: host: 'DESKTOP-D96Q9MV', ip: '192.168.56.1', os.name: 'Windows 10', os.arch: 'amd64', os.version: '10.0', java.version: '1.8.0_261'
Driver info: driver.version: ChromeDriver
remote stacktrace: Backtrace:
Ordinal0 [0x0125C0C3+3326147]
Ordinal0 [0x01140851+2164817]
Ordinal0 [0x00FC7140+618816]
Ordinal0 [0x00FBD404+578564]
Ordinal0 [0x00FBDACB+580299]
Ordinal0 [0x00FBED35+585013]
Ordinal0 [0x00FB9D61+564577]
Ordinal0 [0x00FC82C0+623296]
Ordinal0 [0x00F66BDD+224221]
Ordinal0 [0x00F65CAC+220332]
Ordinal0 [0x00F6189B+202907]
Ordinal0 [0x00F43DF4+81396]
Ordinal0 [0x00F44DEE+85486]
Ordinal0 [0x00F44D79+85369]
Ordinal0 [0x011585DC+2262492]
GetHandleVerifier [0x013E2874+1487204]
GetHandleVerifier [0x013E23CD+1486013]
GetHandleVerifier [0x013EA368+1518680]
GetHandleVerifier [0x013E2F4E+1488958]
Ordinal0 [0x0114ED0D+2223373]
Ordinal0 [0x0115A12B+2269483]
Ordinal0 [0x0115A26F+2269807]
Ordinal0 [0x0116ECB8+2354360]
BaseThreadInitThunk [0x7734FA29+25]
RtlGetAppContainerNamedObjectPath [0x77C175F4+228]
RtlGetAppContainerNamedObjectPath [0x77C175C4+180]

at sun.reflect.NativeConstructorAccessorImpl.newInstance0(Native Method)
at sun.reflect.NativeConstructorAccessorImpl.newInstance(NativeConstructorAccessorImpl.java:62)
at sun.reflect.DelegatingConstructorAccessorImpl.newInstance(DelegatingConstructorAccessorImpl.java:45)
at java.lang.reflect.Constructor.newInstance(Constructor.java:423)
at org.openqa.selenium.remote.W3CHandshakeResponse.lambda$errorHandler$0(W3CHandshakeResponse.java:62)
at org.openqa.selenium.remote.HandshakeResponse.lambda$getResponseFunction$0(HandshakeResponse.java:30)
at org.openqa.selenium.remote.ProtocolHandshake.lambda$createSession$0(ProtocolHandshake.java:126)
at java.util.stream.ReferencePipeline$3$1.accept(ReferencePipeline.java:193)
at java.util.Spliterators$ArraySpliterator.tryAdvance(Spliterators.java:958)
at java.util.stream.ReferencePipeline.forEachWithCancel(ReferencePipeline.java:126)
at java.util.stream.AbstractPipeline.copyIntoWithCancel(AbstractPipeline.java:499)
at java.util.stream.AbstractPipeline.copyInto(AbstractPipeline.java:486)
at java.util.stream.AbstractPipeline.wrapAndCopyInto(AbstractPipeline.java:472)
at java.util.stream.FindOps$FindOp.evaluateSequential(FindOps.java:152)
at java.util.stream.AbstractPipeline.evaluate(AbstractPipeline.java:234)
at java.util.stream.ReferencePipeline.findFirst(ReferencePipeline.java:464)
at org.openqa.selenium.remote.ProtocolHandshake.createSession(ProtocolHandshake.java:128)
at org.openqa.selenium.remote.ProtocolHandshake.createSession(ProtocolHandshake.java:74)
at org.openqa.selenium.remote.HttpCommandExecutor.execute(HttpCommandExecutor.java:136)
at org.openqa.selenium.remote.service.DriverCommandExecutor.execute(DriverCommandExecutor.java:83)
at org.openqa.selenium.remote.RemoteWebDriver.execute(RemoteWebDriver.java:552)
at org.openqa.selenium.remote.RemoteWebDriver.startSession(RemoteWebDriver.java:213)
at org.openqa.selenium.remote.RemoteWebDriver.<init>(RemoteWebDriver.java:131)
at org.openqa.selenium.chrome.ChromeDriver.<init>(ChromeDriver.java:181)
at org.openqa.selenium.chrome.ChromeDriver.<init>(ChromeDriver.java:168)
at org.openqa.selenium.chrome.ChromeDriver.<init>(ChromeDriver.java:123)
at com.app.base.BaseClass.initialization(BaseClass.java:41)
at com.app.testcases.LoginPageTest.setup(LoginPageTest.java:30)
at sun.reflect.NativeMethodAccessorImpl.invoke0(Native Method)
at sun.reflect.NativeMethodAccessorImpl.invoke(NativeMethodAccessorImpl.java:62)
at sun.reflect.DelegatingMethodAccessorImpl.invoke(DelegatingMethodAccessorImpl.java:43)
at java.lang.reflect.Method.invoke(Method.java:498)
at org.testng.internal.MethodInvocationHelper.invokeMethod(MethodInvocationHelper.java:124)
at org.testng.internal.MethodInvocationHelper.invokeMethodConsideringTimeout(MethodInvocationHelper.java:59)
at org.testng.internal.Invoker.invokeConfigurationMethod(Invoker.java:458)
at org.testng.internal.Invoker.invokeConfigurations(Invoker.java:222)
at org.testng.internal.Invoker.invokeMethod(Invoker.java:523)
at org.testng.internal.Invoker.invokeTestMethod(Invoker.java:719)
at org.testng.internal.Invoker.invokeTestMethods(Invoker.java:989)
at org.testng.internal.TestMethodWorker.invokeTestMethods(TestMethodWorker.java:125)
at org.testng.internal.TestMethodWorker.run(TestMethodWorker.java:109)
at org.testng.TestRunner.privateRun(TestRunner.java:648)
at org.testng.TestRunner.run(TestRunner.java:505)
at org.testng.SuiteRunner.runTest(SuiteRunner.java:455)
at org.testng.SuiteRunner.runSequentially(SuiteRunner.java:450)
at org.testng.SuiteRunner.privateRun(SuiteRunner.java:415)
at org.testng.SuiteRunner.run(SuiteRunner.java:364)
at org.testng.SuiteRunnerWorker.runSuite(SuiteRunnerWorker.java:52)
at org.testng.SuiteRunnerWorker.run(SuiteRunnerWorker.java:84)
at org.testng.TestNG.runSuitesSequentially(TestNG.java:1208)
at org.testng.TestNG.runSuitesLocally(TestNG.java:1137)
at org.testng.TestNG.runSuites(TestNG.java:1049)
at org.testng.TestNG.run(TestNG.java:1017)
at org.apache.maven.surefire.testng.TestNGExecutor.run(TestNGExecutor.java:283)
at org.apache.maven.surefire.testng.TestNGXmlTestSuite.execute(TestNGXmlTestSuite.java:75)
at org.apache.maven.surefire.testng.TestNGProvider.invoke(TestNGProvider.java:120)
at org.apache.maven.surefire.booter.ForkedBooter.invokeProviderInSameClassLoader(ForkedBooter.java:384)
at org.apache.maven.surefire.booter.ForkedBooter.runSuitesInProcess(ForkedBooter.java:345)
at org.apache.maven.surefire.booter.ForkedBooter.execute(ForkedBooter.java:126)
at org.apache.maven.surefire.booter.ForkedBooter.main(ForkedBooter.java:418)
]]>
            </full-stacktrace>
          </exception> <!-- org.openqa.selenium.SessionNotCreatedException -->
          <reporter-output>
          </reporter-output>
        </test-method> <!-- login -->
        <test-method status="SKIP" signature="tearDown()[pri:0, instance:com.app.testcases.LoginPageTest@11dc3715]" name="tearDown" is-config="true" duration-ms="0" started-at="2021-01-07T21:20:58Z" finished-at="2021-01-07T21:20:58Z">
          <reporter-output>
          </reporter-output>
        </test-method> <!-- tearDown -->
      </class> <!-- com.app.testcases.LoginPageTest -->
      <class name="com.app.testcases.HomePageTest">
        <test-method status="FAIL" signature="setup()[pri:0, instance:com.app.testcases.HomePageTest@69930714]" name="setup" is-config="true" duration-ms="14861" started-at="2021-01-07T21:20:29Z" finished-at="2021-01-07T21:20:44Z">
          <exception class="org.openqa.selenium.SessionNotCreatedException">
            <message>
              <![CDATA[session not created
from chrome not reachable
  (Session info: chrome=87.0.4280.88)
Build info: version: '3.141.59', revision: 'e82be7d358', time: '2018-11-14T08:17:03'
System info: host: 'DESKTOP-D96Q9MV', ip: '192.168.56.1', os.name: 'Windows 10', os.arch: 'amd64', os.version: '10.0', java.version: '1.8.0_261'
Driver info: driver.version: ChromeDriver
remote stacktrace: Backtrace:
Ordinal0 [0x0125C0C3+3326147]
Ordinal0 [0x01140851+2164817]
Ordinal0 [0x00FC7140+618816]
Ordinal0 [0x00FBD404+578564]
Ordinal0 [0x00FBDACB+580299]
Ordinal0 [0x00FBED35+585013]
Ordinal0 [0x00FB9D61+564577]
Ordinal0 [0x00FC82C0+623296]
Ordinal0 [0x00F66BDD+224221]
Ordinal0 [0x00F65CAC+220332]
Ordinal0 [0x00F6189B+202907]
Ordinal0 [0x00F43DF4+81396]
Ordinal0 [0x00F44DEE+85486]
Ordinal0 [0x00F44D79+85369]
Ordinal0 [0x011585DC+2262492]
GetHandleVerifier [0x013E2874+1487204]
GetHandleVerifier [0x013E23CD+1486013]
GetHandleVerifier [0x013EA368+1518680]
GetHandleVerifier [0x013E2F4E+1488958]
Ordinal0 [0x0114ED0D+2223373]
Ordinal0 [0x0115A12B+2269483]
Ordinal0 [0x0115A26F+2269807]
Ordinal0 [0x0116ECB8+2354360]
BaseThreadInitThunk [0x7734FA29+25]
RtlGetAppContainerNamedObjectPath [0x77C175F4+228]
RtlGetAppContainerNamedObjectPath [0x77C175C4+180]
]]>
            </message>
            <full-stacktrace>
              <![CDATA[org.openqa.selenium.SessionNotCreatedException: session not created
from chrome not reachable
  (Session info: chrome=87.0.4280.88)
Build info: version: '3.141.59', revision: 'e82be7d358', time: '2018-11-14T08:17:03'
System info: host: 'DESKTOP-D96Q9MV', ip: '192.168.56.1', os.name: 'Windows 10', os.arch: 'amd64', os.version: '10.0', java.version: '1.8.0_261'
Driver info: driver.version: ChromeDriver
remote stacktrace: Backtrace:
Ordinal0 [0x0125C0C3+3326147]
Ordinal0 [0x01140851+2164817]
Ordinal0 [0x00FC7140+618816]
Ordinal0 [0x00FBD404+578564]
Ordinal0 [0x00FBDACB+580299]
Ordinal0 [0x00FBED35+585013]
Ordinal0 [0x00FB9D61+564577]
Ordinal0 [0x00FC82C0+623296]
Ordinal0 [0x00F66BDD+224221]
Ordinal0 [0x00F65CAC+220332]
Ordinal0 [0x00F6189B+202907]
Ordinal0 [0x00F43DF4+81396]
Ordinal0 [0x00F44DEE+85486]
Ordinal0 [0x00F44D79+85369]
Ordinal0 [0x011585DC+2262492]
GetHandleVerifier [0x013E2874+1487204]
GetHandleVerifier [0x013E23CD+1486013]
GetHandleVerifier [0x013EA368+1518680]
GetHandleVerifier [0x013E2F4E+1488958]
Ordinal0 [0x0114ED0D+2223373]
Ordinal0 [0x0115A12B+2269483]
Ordinal0 [0x0115A26F+2269807]
Ordinal0 [0x0116ECB8+2354360]
BaseThreadInitThunk [0x7734FA29+25]
RtlGetAppContainerNamedObjectPath [0x77C175F4+228]
RtlGetAppContainerNamedObjectPath [0x77C175C4+180]

at sun.reflect.NativeConstructorAccessorImpl.newInstance0(Native Method)
at sun.reflect.NativeConstructorAccessorImpl.newInstance(NativeConstructorAccessorImpl.java:62)
at sun.reflect.DelegatingConstructorAccessorImpl.newInstance(DelegatingConstructorAccessorImpl.java:45)
at java.lang.reflect.Constructor.newInstance(Constructor.java:423)
at org.openqa.selenium.remote.W3CHandshakeResponse.lambda$errorHandler$0(W3CHandshakeResponse.java:62)
at org.openqa.selenium.remote.HandshakeResponse.lambda$getResponseFunction$0(HandshakeResponse.java:30)
at org.openqa.selenium.remote.ProtocolHandshake.lambda$createSession$0(ProtocolHandshake.java:126)
at java.util.stream.ReferencePipeline$3$1.accept(ReferencePipeline.java:193)
at java.util.Spliterators$ArraySpliterator.tryAdvance(Spliterators.java:958)
at java.util.stream.ReferencePipeline.forEachWithCancel(ReferencePipeline.java:126)
at java.util.stream.AbstractPipeline.copyIntoWithCancel(AbstractPipeline.java:499)
at java.util.stream.AbstractPipeline.copyInto(AbstractPipeline.java:486)
at java.util.stream.AbstractPipeline.wrapAndCopyInto(AbstractPipeline.java:472)
at java.util.stream.FindOps$FindOp.evaluateSequential(FindOps.java:152)
at java.util.stream.AbstractPipeline.evaluate(AbstractPipeline.java:234)
at java.util.stream.ReferencePipeline.findFirst(ReferencePipeline.java:464)
at org.openqa.selenium.remote.ProtocolHandshake.createSession(ProtocolHandshake.java:128)
at org.openqa.selenium.remote.ProtocolHandshake.createSession(ProtocolHandshake.java:74)
at org.openqa.selenium.remote.HttpCommandExecutor.execute(HttpCommandExecutor.java:136)
at org.openqa.selenium.remote.service.DriverCommandExecutor.execute(DriverCommandExecutor.java:83)
at org.openqa.selenium.remote.RemoteWebDriver.execute(RemoteWebDriver.java:552)
at org.openqa.selenium.remote.RemoteWebDriver.startSession(RemoteWebDriver.java:213)
at org.openqa.selenium.remote.RemoteWebDriver.<init>(RemoteWebDriver.java:131)
at org.openqa.selenium.chrome.ChromeDriver.<init>(ChromeDriver.java:181)
at org.openqa.selenium.chrome.ChromeDriver.<init>(ChromeDriver.java:168)
at org.openqa.selenium.chrome.ChromeDriver.<init>(ChromeDriver.java:123)
at com.app.base.BaseClass.initialization(BaseClass.java:41)
at com.app.testcases.HomePageTest.setup(HomePageTest.java:32)
at sun.reflect.NativeMethodAccessorImpl.invoke0(Native Method)
at sun.reflect.NativeMethodAccessorImpl.invoke(NativeMethodAccessorImpl.java:62)
at sun.reflect.DelegatingMethodAccessorImpl.invoke(DelegatingMethodAccessorImpl.java:43)
at java.lang.reflect.Method.invoke(Method.java:498)
at org.testng.internal.MethodInvocationHelper.invokeMethod(MethodInvocationHelper.java:124)
at org.testng.internal.MethodInvocationHelper.invokeMethodConsideringTimeout(MethodInvocationHelper.java:59)
at org.testng.internal.Invoker.invokeConfigurationMethod(Invoker.java:458)
at org.testng.internal.Invoker.invokeConfigurations(Invoker.java:222)
at org.testng.internal.Invoker.invokeMethod(Invoker.java:523)
at org.testng.internal.Invoker.invokeTestMethod(Invoker.java:719)
at org.testng.internal.Invoker.invokeTestMethods(Invoker.java:989)
at org.testng.internal.TestMethodWorker.invokeTestMethods(TestMethodWorker.java:125)
at org.testng.internal.TestMethodWorker.run(TestMethodWorker.java:109)
at org.testng.TestRunner.privateRun(TestRunner.java:648)
at org.testng.TestRunner.run(TestRunner.java:505)
at org.testng.SuiteRunner.runTest(SuiteRunner.java:455)
at org.testng.SuiteRunner.runSequentially(SuiteRunner.java:450)
at org.testng.SuiteRunner.privateRun(SuiteRunner.java:415)
at org.testng.SuiteRunner.run(SuiteRunner.java:364)
at org.testng.SuiteRunnerWorker.runSuite(SuiteRunnerWorker.java:52)
at org.testng.SuiteRunnerWorker.run(SuiteRunnerWorker.java:84)
at org.testng.TestNG.runSuitesSequentially(TestNG.java:1208)
at org.testng.TestNG.runSuitesLocally(TestNG.java:1137)
at org.testng.TestNG.runSuites(TestNG.java:1049)
at org.testng.TestNG.run(TestNG.java:1017)
at org.apache.maven.surefire.testng.TestNGExecutor.run(TestNGExecutor.java:283)
at org.apache.maven.surefire.testng.TestNGXmlTestSuite.execute(TestNGXmlTestSuite.java:75)
at org.apache.maven.surefire.testng.TestNGProvider.invoke(TestNGProvider.java:120)
at org.apache.maven.surefire.booter.ForkedBooter.invokeProviderInSameClassLoader(ForkedBooter.java:384)
at org.apache.maven.surefire.booter.ForkedBooter.runSuitesInProcess(ForkedBooter.java:345)
at org.apache.maven.surefire.booter.ForkedBooter.execute(ForkedBooter.java:126)
at org.apache.maven.surefire.booter.ForkedBooter.main(ForkedBooter.java:418)
]]>
            </full-stacktrace>
          </exception> <!-- org.openqa.selenium.SessionNotCreatedException -->
          <reporter-output>
          </reporter-output>
        </test-method> <!-- setup -->
        <test-method status="SKIP" signature="verifyHomePageTitle()[pri:1, instance:com.app.testcases.HomePageTest@69930714]" name="verifyHomePageTitle" duration-ms="0" started-at="2021-01-07T21:20:44Z" finished-at="2021-01-07T21:20:44Z">
          <exception class="org.openqa.selenium.SessionNotCreatedException">
            <message>
              <![CDATA[session not created
from chrome not reachable
  (Session info: chrome=87.0.4280.88)
Build info: version: '3.141.59', revision: 'e82be7d358', time: '2018-11-14T08:17:03'
System info: host: 'DESKTOP-D96Q9MV', ip: '192.168.56.1', os.name: 'Windows 10', os.arch: 'amd64', os.version: '10.0', java.version: '1.8.0_261'
Driver info: driver.version: ChromeDriver
remote stacktrace: Backtrace:
Ordinal0 [0x0125C0C3+3326147]
Ordinal0 [0x01140851+2164817]
Ordinal0 [0x00FC7140+618816]
Ordinal0 [0x00FBD404+578564]
Ordinal0 [0x00FBDACB+580299]
Ordinal0 [0x00FBED35+585013]
Ordinal0 [0x00FB9D61+564577]
Ordinal0 [0x00FC82C0+623296]
Ordinal0 [0x00F66BDD+224221]
Ordinal0 [0x00F65CAC+220332]
Ordinal0 [0x00F6189B+202907]
Ordinal0 [0x00F43DF4+81396]
Ordinal0 [0x00F44DEE+85486]
Ordinal0 [0x00F44D79+85369]
Ordinal0 [0x011585DC+2262492]
GetHandleVerifier [0x013E2874+1487204]
GetHandleVerifier [0x013E23CD+1486013]
GetHandleVerifier [0x013EA368+1518680]
GetHandleVerifier [0x013E2F4E+1488958]
Ordinal0 [0x0114ED0D+2223373]
Ordinal0 [0x0115A12B+2269483]
Ordinal0 [0x0115A26F+2269807]
Ordinal0 [0x0116ECB8+2354360]
BaseThreadInitThunk [0x7734FA29+25]
RtlGetAppContainerNamedObjectPath [0x77C175F4+228]
RtlGetAppContainerNamedObjectPath [0x77C175C4+180]
]]>
            </message>
            <full-stacktrace>
              <![CDATA[org.openqa.selenium.SessionNotCreatedException: session not created
from chrome not reachable
  (Session info: chrome=87.0.4280.88)
Build info: version: '3.141.59', revision: 'e82be7d358', time: '2018-11-14T08:17:03'
System info: host: 'DESKTOP-D96Q9MV', ip: '192.168.56.1', os.name: 'Windows 10', os.arch: 'amd64', os.version: '10.0', java.version: '1.8.0_261'
Driver info: driver.version: ChromeDriver
remote stacktrace: Backtrace:
Ordinal0 [0x0125C0C3+3326147]
Ordinal0 [0x01140851+2164817]
Ordinal0 [0x00FC7140+618816]
Ordinal0 [0x00FBD404+578564]
Ordinal0 [0x00FBDACB+580299]
Ordinal0 [0x00FBED35+585013]
Ordinal0 [0x00FB9D61+564577]
Ordinal0 [0x00FC82C0+623296]
Ordinal0 [0x00F66BDD+224221]
Ordinal0 [0x00F65CAC+220332]
Ordinal0 [0x00F6189B+202907]
Ordinal0 [0x00F43DF4+81396]
Ordinal0 [0x00F44DEE+85486]
Ordinal0 [0x00F44D79+85369]
Ordinal0 [0x011585DC+2262492]
GetHandleVerifier [0x013E2874+1487204]
GetHandleVerifier [0x013E23CD+1486013]
GetHandleVerifier [0x013EA368+1518680]
GetHandleVerifier [0x013E2F4E+1488958]
Ordinal0 [0x0114ED0D+2223373]
Ordinal0 [0x0115A12B+2269483]
Ordinal0 [0x0115A26F+2269807]
Ordinal0 [0x0116ECB8+2354360]
BaseThreadInitThunk [0x7734FA29+25]
RtlGetAppContainerNamedObjectPath [0x77C175F4+228]
RtlGetAppContainerNamedObjectPath [0x77C175C4+180]

at sun.reflect.NativeConstructorAccessorImpl.newInstance0(Native Method)
at sun.reflect.NativeConstructorAccessorImpl.newInstance(NativeConstructorAccessorImpl.java:62)
at sun.reflect.DelegatingConstructorAccessorImpl.newInstance(DelegatingConstructorAccessorImpl.java:45)
at java.lang.reflect.Constructor.newInstance(Constructor.java:423)
at org.openqa.selenium.remote.W3CHandshakeResponse.lambda$errorHandler$0(W3CHandshakeResponse.java:62)
at org.openqa.selenium.remote.HandshakeResponse.lambda$getResponseFunction$0(HandshakeResponse.java:30)
at org.openqa.selenium.remote.ProtocolHandshake.lambda$createSession$0(ProtocolHandshake.java:126)
at java.util.stream.ReferencePipeline$3$1.accept(ReferencePipeline.java:193)
at java.util.Spliterators$ArraySpliterator.tryAdvance(Spliterators.java:958)
at java.util.stream.ReferencePipeline.forEachWithCancel(ReferencePipeline.java:126)
at java.util.stream.AbstractPipeline.copyIntoWithCancel(AbstractPipeline.java:499)
at java.util.stream.AbstractPipeline.copyInto(AbstractPipeline.java:486)
at java.util.stream.AbstractPipeline.wrapAndCopyInto(AbstractPipeline.java:472)
at java.util.stream.FindOps$FindOp.evaluateSequential(FindOps.java:152)
at java.util.stream.AbstractPipeline.evaluate(AbstractPipeline.java:234)
at java.util.stream.ReferencePipeline.findFirst(ReferencePipeline.java:464)
at org.openqa.selenium.remote.ProtocolHandshake.createSession(ProtocolHandshake.java:128)
at org.openqa.selenium.remote.ProtocolHandshake.createSession(ProtocolHandshake.java:74)
at org.openqa.selenium.remote.HttpCommandExecutor.execute(HttpCommandExecutor.java:136)
at org.openqa.selenium.remote.service.DriverCommandExecutor.execute(DriverCommandExecutor.java:83)
at org.openqa.selenium.remote.RemoteWebDriver.execute(RemoteWebDriver.java:552)
at org.openqa.selenium.remote.RemoteWebDriver.startSession(RemoteWebDriver.java:213)
at org.openqa.selenium.remote.RemoteWebDriver.<init>(RemoteWebDriver.java:131)
at org.openqa.selenium.chrome.ChromeDriver.<init>(ChromeDriver.java:181)
at org.openqa.selenium.chrome.ChromeDriver.<init>(ChromeDriver.java:168)
at org.openqa.selenium.chrome.ChromeDriver.<init>(ChromeDriver.java:123)
at com.app.base.BaseClass.initialization(BaseClass.java:41)
at com.app.testcases.HomePageTest.setup(HomePageTest.java:32)
at sun.reflect.NativeMethodAccessorImpl.invoke0(Native Method)
at sun.reflect.NativeMethodAccessorImpl.invoke(NativeMethodAccessorImpl.java:62)
at sun.reflect.DelegatingMethodAccessorImpl.invoke(DelegatingMethodAccessorImpl.java:43)
at java.lang.reflect.Method.invoke(Method.java:498)
at org.testng.internal.MethodInvocationHelper.invokeMethod(MethodInvocationHelper.java:124)
at org.testng.internal.MethodInvocationHelper.invokeMethodConsideringTimeout(MethodInvocationHelper.java:59)
at org.testng.internal.Invoker.invokeConfigurationMethod(Invoker.java:458)
at org.testng.internal.Invoker.invokeConfigurations(Invoker.java:222)
at org.testng.internal.Invoker.invokeMethod(Invoker.java:523)
at org.testng.internal.Invoker.invokeTestMethod(Invoker.java:719)
at org.testng.internal.Invoker.invokeTestMethods(Invoker.java:989)
at org.testng.internal.TestMethodWorker.invokeTestMethods(TestMethodWorker.java:125)
at org.testng.internal.TestMethodWorker.run(TestMethodWorker.java:109)
at org.testng.TestRunner.privateRun(TestRunner.java:648)
at org.testng.TestRunner.run(TestRunner.java:505)
at org.testng.SuiteRunner.runTest(SuiteRunner.java:455)
at org.testng.SuiteRunner.runSequentially(SuiteRunner.java:450)
at org.testng.SuiteRunner.privateRun(SuiteRunner.java:415)
at org.testng.SuiteRunner.run(SuiteRunner.java:364)
at org.testng.SuiteRunnerWorker.runSuite(SuiteRunnerWorker.java:52)
at org.testng.SuiteRunnerWorker.run(SuiteRunnerWorker.java:84)
at org.testng.TestNG.runSuitesSequentially(TestNG.java:1208)
at org.testng.TestNG.runSuitesLocally(TestNG.java:1137)
at org.testng.TestNG.runSuites(TestNG.java:1049)
at org.testng.TestNG.run(TestNG.java:1017)
at org.apache.maven.surefire.testng.TestNGExecutor.run(TestNGExecutor.java:283)
at org.apache.maven.surefire.testng.TestNGXmlTestSuite.execute(TestNGXmlTestSuite.java:75)
at org.apache.maven.surefire.testng.TestNGProvider.invoke(TestNGProvider.java:120)
at org.apache.maven.surefire.booter.ForkedBooter.invokeProviderInSameClassLoader(ForkedBooter.java:384)
at org.apache.maven.surefire.booter.ForkedBooter.runSuitesInProcess(ForkedBooter.java:345)
at org.apache.maven.surefire.booter.ForkedBooter.execute(ForkedBooter.java:126)
at org.apache.maven.surefire.booter.ForkedBooter.main(ForkedBooter.java:418)
]]>
            </full-stacktrace>
          </exception> <!-- org.openqa.selenium.SessionNotCreatedException -->
          <reporter-output>
          </reporter-output>
        </test-method> <!-- verifyHomePageTitle -->
        <test-method status="SKIP" signature="tearDown()[pri:0, instance:com.app.testcases.HomePageTest@69930714]" name="tearDown" is-config="true" duration-ms="0" started-at="2021-01-07T21:20:44Z" finished-at="2021-01-07T21:20:44Z">
          <reporter-output>
          </reporter-output>
        </test-method> <!-- tearDown -->
        <test-method status="SKIP" signature="loggeduserValidation()[pri:2, instance:com.app.testcases.HomePageTest@69930714]" name="loggeduserValidation" duration-ms="0" started-at="2021-01-07T21:20:58Z" finished-at="2021-01-07T21:20:58Z">
          <exception class="org.openqa.selenium.SessionNotCreatedException">
            <message>
              <![CDATA[session not created
from chrome not reachable
  (Session info: chrome=87.0.4280.88)
Build info: version: '3.141.59', revision: 'e82be7d358', time: '2018-11-14T08:17:03'
System info: host: 'DESKTOP-D96Q9MV', ip: '192.168.56.1', os.name: 'Windows 10', os.arch: 'amd64', os.version: '10.0', java.version: '1.8.0_261'
Driver info: driver.version: ChromeDriver
remote stacktrace: Backtrace:
Ordinal0 [0x0125C0C3+3326147]
Ordinal0 [0x01140851+2164817]
Ordinal0 [0x00FC7140+618816]
Ordinal0 [0x00FBD404+578564]
Ordinal0 [0x00FBDACB+580299]
Ordinal0 [0x00FBED35+585013]
Ordinal0 [0x00FB9D61+564577]
Ordinal0 [0x00FC82C0+623296]
Ordinal0 [0x00F66BDD+224221]
Ordinal0 [0x00F65CAC+220332]
Ordinal0 [0x00F6189B+202907]
Ordinal0 [0x00F43DF4+81396]
Ordinal0 [0x00F44DEE+85486]
Ordinal0 [0x00F44D79+85369]
Ordinal0 [0x011585DC+2262492]
GetHandleVerifier [0x013E2874+1487204]
GetHandleVerifier [0x013E23CD+1486013]
GetHandleVerifier [0x013EA368+1518680]
GetHandleVerifier [0x013E2F4E+1488958]
Ordinal0 [0x0114ED0D+2223373]
Ordinal0 [0x0115A12B+2269483]
Ordinal0 [0x0115A26F+2269807]
Ordinal0 [0x0116ECB8+2354360]
BaseThreadInitThunk [0x7734FA29+25]
RtlGetAppContainerNamedObjectPath [0x77C175F4+228]
RtlGetAppContainerNamedObjectPath [0x77C175C4+180]
]]>
            </message>
            <full-stacktrace>
              <![CDATA[org.openqa.selenium.SessionNotCreatedException: session not created
from chrome not reachable
  (Session info: chrome=87.0.4280.88)
Build info: version: '3.141.59', revision: 'e82be7d358', time: '2018-11-14T08:17:03'
System info: host: 'DESKTOP-D96Q9MV', ip: '192.168.56.1', os.name: 'Windows 10', os.arch: 'amd64', os.version: '10.0', java.version: '1.8.0_261'
Driver info: driver.version: ChromeDriver
remote stacktrace: Backtrace:
Ordinal0 [0x0125C0C3+3326147]
Ordinal0 [0x01140851+2164817]
Ordinal0 [0x00FC7140+618816]
Ordinal0 [0x00FBD404+578564]
Ordinal0 [0x00FBDACB+580299]
Ordinal0 [0x00FBED35+585013]
Ordinal0 [0x00FB9D61+564577]
Ordinal0 [0x00FC82C0+623296]
Ordinal0 [0x00F66BDD+224221]
Ordinal0 [0x00F65CAC+220332]
Ordinal0 [0x00F6189B+202907]
Ordinal0 [0x00F43DF4+81396]
Ordinal0 [0x00F44DEE+85486]
Ordinal0 [0x00F44D79+85369]
Ordinal0 [0x011585DC+2262492]
GetHandleVerifier [0x013E2874+1487204]
GetHandleVerifier [0x013E23CD+1486013]
GetHandleVerifier [0x013EA368+1518680]
GetHandleVerifier [0x013E2F4E+1488958]
Ordinal0 [0x0114ED0D+2223373]
Ordinal0 [0x0115A12B+2269483]
Ordinal0 [0x0115A26F+2269807]
Ordinal0 [0x0116ECB8+2354360]
BaseThreadInitThunk [0x7734FA29+25]
RtlGetAppContainerNamedObjectPath [0x77C175F4+228]
RtlGetAppContainerNamedObjectPath [0x77C175C4+180]

at sun.reflect.NativeConstructorAccessorImpl.newInstance0(Native Method)
at sun.reflect.NativeConstructorAccessorImpl.newInstance(NativeConstructorAccessorImpl.java:62)
at sun.reflect.DelegatingConstructorAccessorImpl.newInstance(DelegatingConstructorAccessorImpl.java:45)
at java.lang.reflect.Constructor.newInstance(Constructor.java:423)
at org.openqa.selenium.remote.W3CHandshakeResponse.lambda$errorHandler$0(W3CHandshakeResponse.java:62)
at org.openqa.selenium.remote.HandshakeResponse.lambda$getResponseFunction$0(HandshakeResponse.java:30)
at org.openqa.selenium.remote.ProtocolHandshake.lambda$createSession$0(ProtocolHandshake.java:126)
at java.util.stream.ReferencePipeline$3$1.accept(ReferencePipeline.java:193)
at java.util.Spliterators$ArraySpliterator.tryAdvance(Spliterators.java:958)
at java.util.stream.ReferencePipeline.forEachWithCancel(ReferencePipeline.java:126)
at java.util.stream.AbstractPipeline.copyIntoWithCancel(AbstractPipeline.java:499)
at java.util.stream.AbstractPipeline.copyInto(AbstractPipeline.java:486)
at java.util.stream.AbstractPipeline.wrapAndCopyInto(AbstractPipeline.java:472)
at java.util.stream.FindOps$FindOp.evaluateSequential(FindOps.java:152)
at java.util.stream.AbstractPipeline.evaluate(AbstractPipeline.java:234)
at java.util.stream.ReferencePipeline.findFirst(ReferencePipeline.java:464)
at org.openqa.selenium.remote.ProtocolHandshake.createSession(ProtocolHandshake.java:128)
at org.openqa.selenium.remote.ProtocolHandshake.createSession(ProtocolHandshake.java:74)
at org.openqa.selenium.remote.HttpCommandExecutor.execute(HttpCommandExecutor.java:136)
at org.openqa.selenium.remote.service.DriverCommandExecutor.execute(DriverCommandExecutor.java:83)
at org.openqa.selenium.remote.RemoteWebDriver.execute(RemoteWebDriver.java:552)
at org.openqa.selenium.remote.RemoteWebDriver.startSession(RemoteWebDriver.java:213)
at org.openqa.selenium.remote.RemoteWebDriver.<init>(RemoteWebDriver.java:131)
at org.openqa.selenium.chrome.ChromeDriver.<init>(ChromeDriver.java:181)
at org.openqa.selenium.chrome.ChromeDriver.<init>(ChromeDriver.java:168)
at org.openqa.selenium.chrome.ChromeDriver.<init>(ChromeDriver.java:123)
at com.app.base.BaseClass.initialization(BaseClass.java:41)
at com.app.testcases.HomePageTest.setup(HomePageTest.java:32)
at sun.reflect.NativeMethodAccessorImpl.invoke0(Native Method)
at sun.reflect.NativeMethodAccessorImpl.invoke(NativeMethodAccessorImpl.java:62)
at sun.reflect.DelegatingMethodAccessorImpl.invoke(DelegatingMethodAccessorImpl.java:43)
at java.lang.reflect.Method.invoke(Method.java:498)
at org.testng.internal.MethodInvocationHelper.invokeMethod(MethodInvocationHelper.java:124)
at org.testng.internal.MethodInvocationHelper.invokeMethodConsideringTimeout(MethodInvocationHelper.java:59)
at org.testng.internal.Invoker.invokeConfigurationMethod(Invoker.java:458)
at org.testng.internal.Invoker.invokeConfigurations(Invoker.java:222)
at org.testng.internal.Invoker.invokeMethod(Invoker.java:523)
at org.testng.internal.Invoker.invokeTestMethod(Invoker.java:719)
at org.testng.internal.Invoker.invokeTestMethods(Invoker.java:989)
at org.testng.internal.TestMethodWorker.invokeTestMethods(TestMethodWorker.java:125)
at org.testng.internal.TestMethodWorker.run(TestMethodWorker.java:109)
at org.testng.TestRunner.privateRun(TestRunner.java:648)
at org.testng.TestRunner.run(TestRunner.java:505)
at org.testng.SuiteRunner.runTest(SuiteRunner.java:455)
at org.testng.SuiteRunner.runSequentially(SuiteRunner.java:450)
at org.testng.SuiteRunner.privateRun(SuiteRunner.java:415)
at org.testng.SuiteRunner.run(SuiteRunner.java:364)
at org.testng.SuiteRunnerWorker.runSuite(SuiteRunnerWorker.java:52)
at org.testng.SuiteRunnerWorker.run(SuiteRunnerWorker.java:84)
at org.testng.TestNG.runSuitesSequentially(TestNG.java:1208)
at org.testng.TestNG.runSuitesLocally(TestNG.java:1137)
at org.testng.TestNG.runSuites(TestNG.java:1049)
at org.testng.TestNG.run(TestNG.java:1017)
at org.apache.maven.surefire.testng.TestNGExecutor.run(TestNGExecutor.java:283)
at org.apache.maven.surefire.testng.TestNGXmlTestSuite.execute(TestNGXmlTestSuite.java:75)
at org.apache.maven.surefire.testng.TestNGProvider.invoke(TestNGProvider.java:120)
at org.apache.maven.surefire.booter.ForkedBooter.invokeProviderInSameClassLoader(ForkedBooter.java:384)
at org.apache.maven.surefire.booter.ForkedBooter.runSuitesInProcess(ForkedBooter.java:345)
at org.apache.maven.surefire.booter.ForkedBooter.execute(ForkedBooter.java:126)
at org.apache.maven.surefire.booter.ForkedBooter.main(ForkedBooter.java:418)
]]>
            </full-stacktrace>
          </exception> <!-- org.openqa.selenium.SessionNotCreatedException -->
          <reporter-output>
          </reporter-output>
        </test-method> <!-- loggeduserValidation -->
        <test-method status="SKIP" signature="setup()[pri:0, instance:com.app.testcases.HomePageTest@69930714]" name="setup" is-config="true" duration-ms="0" started-at="2021-01-07T21:20:58Z" finished-at="2021-01-07T21:20:58Z">
          <reporter-output>
          </reporter-output>
        </test-method> <!-- setup -->
        <test-method status="SKIP" signature="tearDown()[pri:0, instance:com.app.testcases.HomePageTest@69930714]" name="tearDown" is-config="true" duration-ms="0" started-at="2021-01-07T21:20:58Z" finished-at="2021-01-07T21:20:58Z">
          <reporter-output>
          </reporter-output>
        </test-method> <!-- tearDown -->
        <test-method status="SKIP" signature="setup()[pri:0, instance:com.app.testcases.HomePageTest@69930714]" name="setup" is-config="true" duration-ms="0" started-at="2021-01-07T21:20:58Z" finished-at="2021-01-07T21:20:58Z">
          <reporter-output>
          </reporter-output>
        </test-method> <!-- setup -->
        <test-method status="SKIP" signature="clickonContactLink()[pri:3, instance:com.app.testcases.HomePageTest@69930714]" name="clickonContactLink" duration-ms="0" started-at="2021-01-07T21:20:58Z" finished-at="2021-01-07T21:20:58Z">
          <exception class="org.openqa.selenium.SessionNotCreatedException">
            <message>
              <![CDATA[session not created
from chrome not reachable
  (Session info: chrome=87.0.4280.88)
Build info: version: '3.141.59', revision: 'e82be7d358', time: '2018-11-14T08:17:03'
System info: host: 'DESKTOP-D96Q9MV', ip: '192.168.56.1', os.name: 'Windows 10', os.arch: 'amd64', os.version: '10.0', java.version: '1.8.0_261'
Driver info: driver.version: ChromeDriver
remote stacktrace: Backtrace:
Ordinal0 [0x0125C0C3+3326147]
Ordinal0 [0x01140851+2164817]
Ordinal0 [0x00FC7140+618816]
Ordinal0 [0x00FBD404+578564]
Ordinal0 [0x00FBDACB+580299]
Ordinal0 [0x00FBED35+585013]
Ordinal0 [0x00FB9D61+564577]
Ordinal0 [0x00FC82C0+623296]
Ordinal0 [0x00F66BDD+224221]
Ordinal0 [0x00F65CAC+220332]
Ordinal0 [0x00F6189B+202907]
Ordinal0 [0x00F43DF4+81396]
Ordinal0 [0x00F44DEE+85486]
Ordinal0 [0x00F44D79+85369]
Ordinal0 [0x011585DC+2262492]
GetHandleVerifier [0x013E2874+1487204]
GetHandleVerifier [0x013E23CD+1486013]
GetHandleVerifier [0x013EA368+1518680]
GetHandleVerifier [0x013E2F4E+1488958]
Ordinal0 [0x0114ED0D+2223373]
Ordinal0 [0x0115A12B+2269483]
Ordinal0 [0x0115A26F+2269807]
Ordinal0 [0x0116ECB8+2354360]
BaseThreadInitThunk [0x7734FA29+25]
RtlGetAppContainerNamedObjectPath [0x77C175F4+228]
RtlGetAppContainerNamedObjectPath [0x77C175C4+180]
]]>
            </message>
            <full-stacktrace>
              <![CDATA[org.openqa.selenium.SessionNotCreatedException: session not created
from chrome not reachable
  (Session info: chrome=87.0.4280.88)
Build info: version: '3.141.59', revision: 'e82be7d358', time: '2018-11-14T08:17:03'
System info: host: 'DESKTOP-D96Q9MV', ip: '192.168.56.1', os.name: 'Windows 10', os.arch: 'amd64', os.version: '10.0', java.version: '1.8.0_261'
Driver info: driver.version: ChromeDriver
remote stacktrace: Backtrace:
Ordinal0 [0x0125C0C3+3326147]
Ordinal0 [0x01140851+2164817]
Ordinal0 [0x00FC7140+618816]
Ordinal0 [0x00FBD404+578564]
Ordinal0 [0x00FBDACB+580299]
Ordinal0 [0x00FBED35+585013]
Ordinal0 [0x00FB9D61+564577]
Ordinal0 [0x00FC82C0+623296]
Ordinal0 [0x00F66BDD+224221]
Ordinal0 [0x00F65CAC+220332]
Ordinal0 [0x00F6189B+202907]
Ordinal0 [0x00F43DF4+81396]
Ordinal0 [0x00F44DEE+85486]
Ordinal0 [0x00F44D79+85369]
Ordinal0 [0x011585DC+2262492]
GetHandleVerifier [0x013E2874+1487204]
GetHandleVerifier [0x013E23CD+1486013]
GetHandleVerifier [0x013EA368+1518680]
GetHandleVerifier [0x013E2F4E+1488958]
Ordinal0 [0x0114ED0D+2223373]
Ordinal0 [0x0115A12B+2269483]
Ordinal0 [0x0115A26F+2269807]
Ordinal0 [0x0116ECB8+2354360]
BaseThreadInitThunk [0x7734FA29+25]
RtlGetAppContainerNamedObjectPath [0x77C175F4+228]
RtlGetAppContainerNamedObjectPath [0x77C175C4+180]

at sun.reflect.NativeConstructorAccessorImpl.newInstance0(Native Method)
at sun.reflect.NativeConstructorAccessorImpl.newInstance(NativeConstructorAccessorImpl.java:62)
at sun.reflect.DelegatingConstructorAccessorImpl.newInstance(DelegatingConstructorAccessorImpl.java:45)
at java.lang.reflect.Constructor.newInstance(Constructor.java:423)
at org.openqa.selenium.remote.W3CHandshakeResponse.lambda$errorHandler$0(W3CHandshakeResponse.java:62)
at org.openqa.selenium.remote.HandshakeResponse.lambda$getResponseFunction$0(HandshakeResponse.java:30)
at org.openqa.selenium.remote.ProtocolHandshake.lambda$createSession$0(ProtocolHandshake.java:126)
at java.util.stream.ReferencePipeline$3$1.accept(ReferencePipeline.java:193)
at java.util.Spliterators$ArraySpliterator.tryAdvance(Spliterators.java:958)
at java.util.stream.ReferencePipeline.forEachWithCancel(ReferencePipeline.java:126)
at java.util.stream.AbstractPipeline.copyIntoWithCancel(AbstractPipeline.java:499)
at java.util.stream.AbstractPipeline.copyInto(AbstractPipeline.java:486)
at java.util.stream.AbstractPipeline.wrapAndCopyInto(AbstractPipeline.java:472)
at java.util.stream.FindOps$FindOp.evaluateSequential(FindOps.java:152)
at java.util.stream.AbstractPipeline.evaluate(AbstractPipeline.java:234)
at java.util.stream.ReferencePipeline.findFirst(ReferencePipeline.java:464)
at org.openqa.selenium.remote.ProtocolHandshake.createSession(ProtocolHandshake.java:128)
at org.openqa.selenium.remote.ProtocolHandshake.createSession(ProtocolHandshake.java:74)
at org.openqa.selenium.remote.HttpCommandExecutor.execute(HttpCommandExecutor.java:136)
at org.openqa.selenium.remote.service.DriverCommandExecutor.execute(DriverCommandExecutor.java:83)
at org.openqa.selenium.remote.RemoteWebDriver.execute(RemoteWebDriver.java:552)
at org.openqa.selenium.remote.RemoteWebDriver.startSession(RemoteWebDriver.java:213)
at org.openqa.selenium.remote.RemoteWebDriver.<init>(RemoteWebDriver.java:131)
at org.openqa.selenium.chrome.ChromeDriver.<init>(ChromeDriver.java:181)
at org.openqa.selenium.chrome.ChromeDriver.<init>(ChromeDriver.java:168)
at org.openqa.selenium.chrome.ChromeDriver.<init>(ChromeDriver.java:123)
at com.app.base.BaseClass.initialization(BaseClass.java:41)
at com.app.testcases.HomePageTest.setup(HomePageTest.java:32)
at sun.reflect.NativeMethodAccessorImpl.invoke0(Native Method)
at sun.reflect.NativeMethodAccessorImpl.invoke(NativeMethodAccessorImpl.java:62)
at sun.reflect.DelegatingMethodAccessorImpl.invoke(DelegatingMethodAccessorImpl.java:43)
at java.lang.reflect.Method.invoke(Method.java:498)
at org.testng.internal.MethodInvocationHelper.invokeMethod(MethodInvocationHelper.java:124)
at org.testng.internal.MethodInvocationHelper.invokeMethodConsideringTimeout(MethodInvocationHelper.java:59)
at org.testng.internal.Invoker.invokeConfigurationMethod(Invoker.java:458)
at org.testng.internal.Invoker.invokeConfigurations(Invoker.java:222)
at org.testng.internal.Invoker.invokeMethod(Invoker.java:523)
at org.testng.internal.Invoker.invokeTestMethod(Invoker.java:719)
at org.testng.internal.Invoker.invokeTestMethods(Invoker.java:989)
at org.testng.internal.TestMethodWorker.invokeTestMethods(TestMethodWorker.java:125)
at org.testng.internal.TestMethodWorker.run(TestMethodWorker.java:109)
at org.testng.TestRunner.privateRun(TestRunner.java:648)
at org.testng.TestRunner.run(TestRunner.java:505)
at org.testng.SuiteRunner.runTest(SuiteRunner.java:455)
at org.testng.SuiteRunner.runSequentially(SuiteRunner.java:450)
at org.testng.SuiteRunner.privateRun(SuiteRunner.java:415)
at org.testng.SuiteRunner.run(SuiteRunner.java:364)
at org.testng.SuiteRunnerWorker.runSuite(SuiteRunnerWorker.java:52)
at org.testng.SuiteRunnerWorker.run(SuiteRunnerWorker.java:84)
at org.testng.TestNG.runSuitesSequentially(TestNG.java:1208)
at org.testng.TestNG.runSuitesLocally(TestNG.java:1137)
at org.testng.TestNG.runSuites(TestNG.java:1049)
at org.testng.TestNG.run(TestNG.java:1017)
at org.apache.maven.surefire.testng.TestNGExecutor.run(TestNGExecutor.java:283)
at org.apache.maven.surefire.testng.TestNGXmlTestSuite.execute(TestNGXmlTestSuite.java:75)
at org.apache.maven.surefire.testng.TestNGProvider.invoke(TestNGProvider.java:120)
at org.apache.maven.surefire.booter.ForkedBooter.invokeProviderInSameClassLoader(ForkedBooter.java:384)
at org.apache.maven.surefire.booter.ForkedBooter.runSuitesInProcess(ForkedBooter.java:345)
at org.apache.maven.surefire.booter.ForkedBooter.execute(ForkedBooter.java:126)
at org.apache.maven.surefire.booter.ForkedBooter.main(ForkedBooter.java:418)
]]>
            </full-stacktrace>
          </exception> <!-- org.openqa.selenium.SessionNotCreatedException -->
          <reporter-output>
          </reporter-output>
        </test-method> <!-- clickonContactLink -->
        <test-method status="SKIP" signature="tearDown()[pri:0, instance:com.app.testcases.HomePageTest@69930714]" name="tearDown" is-config="true" duration-ms="0" started-at="2021-01-07T21:20:58Z" finished-at="2021-01-07T21:20:58Z">
          <reporter-output>
          </reporter-output>
        </test-method> <!-- tearDown -->
        <test-method status="SKIP" signature="setup()[pri:0, instance:com.app.testcases.HomePageTest@69930714]" name="setup" is-config="true" duration-ms="0" started-at="2021-01-07T21:20:58Z" finished-at="2021-01-07T21:20:58Z">
          <reporter-output>
          </reporter-output>
        </test-method> <!-- setup -->
        <test-method status="SKIP" signature="clickonDealsLink()[pri:4, instance:com.app.testcases.HomePageTest@69930714]" name="clickonDealsLink" duration-ms="0" started-at="2021-01-07T21:20:58Z" finished-at="2021-01-07T21:20:58Z">
          <exception class="org.openqa.selenium.SessionNotCreatedException">
            <message>
              <![CDATA[session not created
from chrome not reachable
  (Session info: chrome=87.0.4280.88)
Build info: version: '3.141.59', revision: 'e82be7d358', time: '2018-11-14T08:17:03'
System info: host: 'DESKTOP-D96Q9MV', ip: '192.168.56.1', os.name: 'Windows 10', os.arch: 'amd64', os.version: '10.0', java.version: '1.8.0_261'
Driver info: driver.version: ChromeDriver
remote stacktrace: Backtrace:
Ordinal0 [0x0125C0C3+3326147]
Ordinal0 [0x01140851+2164817]
Ordinal0 [0x00FC7140+618816]
Ordinal0 [0x00FBD404+578564]
Ordinal0 [0x00FBDACB+580299]
Ordinal0 [0x00FBED35+585013]
Ordinal0 [0x00FB9D61+564577]
Ordinal0 [0x00FC82C0+623296]
Ordinal0 [0x00F66BDD+224221]
Ordinal0 [0x00F65CAC+220332]
Ordinal0 [0x00F6189B+202907]
Ordinal0 [0x00F43DF4+81396]
Ordinal0 [0x00F44DEE+85486]
Ordinal0 [0x00F44D79+85369]
Ordinal0 [0x011585DC+2262492]
GetHandleVerifier [0x013E2874+1487204]
GetHandleVerifier [0x013E23CD+1486013]
GetHandleVerifier [0x013EA368+1518680]
GetHandleVerifier [0x013E2F4E+1488958]
Ordinal0 [0x0114ED0D+2223373]
Ordinal0 [0x0115A12B+2269483]
Ordinal0 [0x0115A26F+2269807]
Ordinal0 [0x0116ECB8+2354360]
BaseThreadInitThunk [0x7734FA29+25]
RtlGetAppContainerNamedObjectPath [0x77C175F4+228]
RtlGetAppContainerNamedObjectPath [0x77C175C4+180]
]]>
            </message>
            <full-stacktrace>
              <![CDATA[org.openqa.selenium.SessionNotCreatedException: session not created
from chrome not reachable
  (Session info: chrome=87.0.4280.88)
Build info: version: '3.141.59', revision: 'e82be7d358', time: '2018-11-14T08:17:03'
System info: host: 'DESKTOP-D96Q9MV', ip: '192.168.56.1', os.name: 'Windows 10', os.arch: 'amd64', os.version: '10.0', java.version: '1.8.0_261'
Driver info: driver.version: ChromeDriver
remote stacktrace: Backtrace:
Ordinal0 [0x0125C0C3+3326147]
Ordinal0 [0x01140851+2164817]
Ordinal0 [0x00FC7140+618816]
Ordinal0 [0x00FBD404+578564]
Ordinal0 [0x00FBDACB+580299]
Ordinal0 [0x00FBED35+585013]
Ordinal0 [0x00FB9D61+564577]
Ordinal0 [0x00FC82C0+623296]
Ordinal0 [0x00F66BDD+224221]
Ordinal0 [0x00F65CAC+220332]
Ordinal0 [0x00F6189B+202907]
Ordinal0 [0x00F43DF4+81396]
Ordinal0 [0x00F44DEE+85486]
Ordinal0 [0x00F44D79+85369]
Ordinal0 [0x011585DC+2262492]
GetHandleVerifier [0x013E2874+1487204]
GetHandleVerifier [0x013E23CD+1486013]
GetHandleVerifier [0x013EA368+1518680]
GetHandleVerifier [0x013E2F4E+1488958]
Ordinal0 [0x0114ED0D+2223373]
Ordinal0 [0x0115A12B+2269483]
Ordinal0 [0x0115A26F+2269807]
Ordinal0 [0x0116ECB8+2354360]
BaseThreadInitThunk [0x7734FA29+25]
RtlGetAppContainerNamedObjectPath [0x77C175F4+228]
RtlGetAppContainerNamedObjectPath [0x77C175C4+180]

at sun.reflect.NativeConstructorAccessorImpl.newInstance0(Native Method)
at sun.reflect.NativeConstructorAccessorImpl.newInstance(NativeConstructorAccessorImpl.java:62)
at sun.reflect.DelegatingConstructorAccessorImpl.newInstance(DelegatingConstructorAccessorImpl.java:45)
at java.lang.reflect.Constructor.newInstance(Constructor.java:423)
at org.openqa.selenium.remote.W3CHandshakeResponse.lambda$errorHandler$0(W3CHandshakeResponse.java:62)
at org.openqa.selenium.remote.HandshakeResponse.lambda$getResponseFunction$0(HandshakeResponse.java:30)
at org.openqa.selenium.remote.ProtocolHandshake.lambda$createSession$0(ProtocolHandshake.java:126)
at java.util.stream.ReferencePipeline$3$1.accept(ReferencePipeline.java:193)
at java.util.Spliterators$ArraySpliterator.tryAdvance(Spliterators.java:958)
at java.util.stream.ReferencePipeline.forEachWithCancel(ReferencePipeline.java:126)
at java.util.stream.AbstractPipeline.copyIntoWithCancel(AbstractPipeline.java:499)
at java.util.stream.AbstractPipeline.copyInto(AbstractPipeline.java:486)
at java.util.stream.AbstractPipeline.wrapAndCopyInto(AbstractPipeline.java:472)
at java.util.stream.FindOps$FindOp.evaluateSequential(FindOps.java:152)
at java.util.stream.AbstractPipeline.evaluate(AbstractPipeline.java:234)
at java.util.stream.ReferencePipeline.findFirst(ReferencePipeline.java:464)
at org.openqa.selenium.remote.ProtocolHandshake.createSession(ProtocolHandshake.java:128)
at org.openqa.selenium.remote.ProtocolHandshake.createSession(ProtocolHandshake.java:74)
at org.openqa.selenium.remote.HttpCommandExecutor.execute(HttpCommandExecutor.java:136)
at org.openqa.selenium.remote.service.DriverCommandExecutor.execute(DriverCommandExecutor.java:83)
at org.openqa.selenium.remote.RemoteWebDriver.execute(RemoteWebDriver.java:552)
at org.openqa.selenium.remote.RemoteWebDriver.startSession(RemoteWebDriver.java:213)
at org.openqa.selenium.remote.RemoteWebDriver.<init>(RemoteWebDriver.java:131)
at org.openqa.selenium.chrome.ChromeDriver.<init>(ChromeDriver.java:181)
at org.openqa.selenium.chrome.ChromeDriver.<init>(ChromeDriver.java:168)
at org.openqa.selenium.chrome.ChromeDriver.<init>(ChromeDriver.java:123)
at com.app.base.BaseClass.initialization(BaseClass.java:41)
at com.app.testcases.HomePageTest.setup(HomePageTest.java:32)
at sun.reflect.NativeMethodAccessorImpl.invoke0(Native Method)
at sun.reflect.NativeMethodAccessorImpl.invoke(NativeMethodAccessorImpl.java:62)
at sun.reflect.DelegatingMethodAccessorImpl.invoke(DelegatingMethodAccessorImpl.java:43)
at java.lang.reflect.Method.invoke(Method.java:498)
at org.testng.internal.MethodInvocationHelper.invokeMethod(MethodInvocationHelper.java:124)
at org.testng.internal.MethodInvocationHelper.invokeMethodConsideringTimeout(MethodInvocationHelper.java:59)
at org.testng.internal.Invoker.invokeConfigurationMethod(Invoker.java:458)
at org.testng.internal.Invoker.invokeConfigurations(Invoker.java:222)
at org.testng.internal.Invoker.invokeMethod(Invoker.java:523)
at org.testng.internal.Invoker.invokeTestMethod(Invoker.java:719)
at org.testng.internal.Invoker.invokeTestMethods(Invoker.java:989)
at org.testng.internal.TestMethodWorker.invokeTestMethods(TestMethodWorker.java:125)
at org.testng.internal.TestMethodWorker.run(TestMethodWorker.java:109)
at org.testng.TestRunner.privateRun(TestRunner.java:648)
at org.testng.TestRunner.run(TestRunner.java:505)
at org.testng.SuiteRunner.runTest(SuiteRunner.java:455)
at org.testng.SuiteRunner.runSequentially(SuiteRunner.java:450)
at org.testng.SuiteRunner.privateRun(SuiteRunner.java:415)
at org.testng.SuiteRunner.run(SuiteRunner.java:364)
at org.testng.SuiteRunnerWorker.runSuite(SuiteRunnerWorker.java:52)
at org.testng.SuiteRunnerWorker.run(SuiteRunnerWorker.java:84)
at org.testng.TestNG.runSuitesSequentially(TestNG.java:1208)
at org.testng.TestNG.runSuitesLocally(TestNG.java:1137)
at org.testng.TestNG.runSuites(TestNG.java:1049)
at org.testng.TestNG.run(TestNG.java:1017)
at org.apache.maven.surefire.testng.TestNGExecutor.run(TestNGExecutor.java:283)
at org.apache.maven.surefire.testng.TestNGXmlTestSuite.execute(TestNGXmlTestSuite.java:75)
at org.apache.maven.surefire.testng.TestNGProvider.invoke(TestNGProvider.java:120)
at org.apache.maven.surefire.booter.ForkedBooter.invokeProviderInSameClassLoader(ForkedBooter.java:384)
at org.apache.maven.surefire.booter.ForkedBooter.runSuitesInProcess(ForkedBooter.java:345)
at org.apache.maven.surefire.booter.ForkedBooter.execute(ForkedBooter.java:126)
at org.apache.maven.surefire.booter.ForkedBooter.main(ForkedBooter.java:418)
]]>
            </full-stacktrace>
          </exception> <!-- org.openqa.selenium.SessionNotCreatedException -->
          <reporter-output>
          </reporter-output>
        </test-method> <!-- clickonDealsLink -->
        <test-method status="SKIP" signature="tearDown()[pri:0, instance:com.app.testcases.HomePageTest@69930714]" name="tearDown" is-config="true" duration-ms="0" started-at="2021-01-07T21:20:58Z" finished-at="2021-01-07T21:20:58Z">
          <reporter-output>
          </reporter-output>
        </test-method> <!-- tearDown -->
      </class> <!-- com.app.testcases.HomePageTest -->
    </test> <!-- Sanity -->
  </suite> <!-- Automation -->
</testng-results>
