<?xml version="1.0" encoding="UTF-8"?>
<!-- Generated by org.testng.reporters.JUnitReportReporter -->
<testsuite skipped="4" hostname="DESKTOP-D96Q9MV" name="com.app.testcases.HomePageTest" tests="5" failures="0" timestamp="07 Jan 2021 21:20:59 GMT" time="14.861" errors="1">
  <testcase name="setup" time="14.861" classname="com.app.testcases.HomePageTest">
    <error type="org.openqa.selenium.SessionNotCreatedException" message="session not created
from chrome not reachable
  (Session info: chrome=87.0.4280.88)
Build info: version: &#039;3.141.59&#039;, revision: &#039;e82be7d358&#039;, time: &#039;2018-11-14T08:17:03&#039;
System info: host: &#039;DESKTOP-D96Q9MV&#039;, ip: &#039;192.168.56.1&#039;, os.name: &#039;Windows 10&#039;, os.arch: &#039;amd64&#039;, os.version: &#039;10.0&#039;, java.version: &#039;1.8.0_261&#039;
Driver info: driver.version: ChromeDriver
remote stacktrace: Backtrace:
	Ordinal0 [0x0125C0C3+3326147]
	Ordinal0 [0x01140851+2164817]
	Ordinal0 [0x00FC7140+618816]
	Ordinal0 [0x00FBD404+578564]
	Ordinal0 [0x00FBDACB+580299]
	Ordinal0 [0x00FBED35+585013]
	Ordinal0 [0x00FB9D61+564577]
	Ordinal0 [0x00FC82C0+623296]
	Ordinal0 [0x00F66BDD+224221]
	Ordinal0 [0x00F65CAC+220332]
	Ordinal0 [0x00F6189B+202907]
	Ordinal0 [0x00F43DF4+81396]
	Ordinal0 [0x00F44DEE+85486]
	Ordinal0 [0x00F44D79+85369]
	Ordinal0 [0x011585DC+2262492]
	GetHandleVerifier [0x013E2874+1487204]
	GetHandleVerifier [0x013E23CD+1486013]
	GetHandleVerifier [0x013EA368+1518680]
	GetHandleVerifier [0x013E2F4E+1488958]
	Ordinal0 [0x0114ED0D+2223373]
	Ordinal0 [0x0115A12B+2269483]
	Ordinal0 [0x0115A26F+2269807]
	Ordinal0 [0x0116ECB8+2354360]
	BaseThreadInitThunk [0x7734FA29+25]
	RtlGetAppContainerNamedObjectPath [0x77C175F4+228]
	RtlGetAppContainerNamedObjectPath [0x77C175C4+180]
">
      <![CDATA[org.openqa.selenium.SessionNotCreatedException: session not created
from chrome not reachable
  (Session info: chrome=87.0.4280.88)
Build info: version: '3.141.59', revision: 'e82be7d358', time: '2018-11-14T08:17:03'
System info: host: 'DESKTOP-D96Q9MV', ip: '192.168.56.1', os.name: 'Windows 10', os.arch: 'amd64', os.version: '10.0', java.version: '1.8.0_261'
Driver info: driver.version: ChromeDriver
remote stacktrace: Backtrace:
Ordinal0 [0x0125C0C3+3326147]
Ordinal0 [0x01140851+2164817]
Ordinal0 [0x00FC7140+618816]
Ordinal0 [0x00FBD404+578564]
Ordinal0 [0x00FBDACB+580299]
Ordinal0 [0x00FBED35+585013]
Ordinal0 [0x00FB9D61+564577]
Ordinal0 [0x00FC82C0+623296]
Ordinal0 [0x00F66BDD+224221]
Ordinal0 [0x00F65CAC+220332]
Ordinal0 [0x00F6189B+202907]
Ordinal0 [0x00F43DF4+81396]
Ordinal0 [0x00F44DEE+85486]
Ordinal0 [0x00F44D79+85369]
Ordinal0 [0x011585DC+2262492]
GetHandleVerifier [0x013E2874+1487204]
GetHandleVerifier [0x013E23CD+1486013]
GetHandleVerifier [0x013EA368+1518680]
GetHandleVerifier [0x013E2F4E+1488958]
Ordinal0 [0x0114ED0D+2223373]
Ordinal0 [0x0115A12B+2269483]
Ordinal0 [0x0115A26F+2269807]
Ordinal0 [0x0116ECB8+2354360]
BaseThreadInitThunk [0x7734FA29+25]
RtlGetAppContainerNamedObjectPath [0x77C175F4+228]
RtlGetAppContainerNamedObjectPath [0x77C175C4+180]

at sun.reflect.NativeConstructorAccessorImpl.newInstance0(Native Method)
at sun.reflect.NativeConstructorAccessorImpl.newInstance(NativeConstructorAccessorImpl.java:62)
at sun.reflect.DelegatingConstructorAccessorImpl.newInstance(DelegatingConstructorAccessorImpl.java:45)
at java.lang.reflect.Constructor.newInstance(Constructor.java:423)
at org.openqa.selenium.remote.W3CHandshakeResponse.lambda$errorHandler$0(W3CHandshakeResponse.java:62)
at org.openqa.selenium.remote.HandshakeResponse.lambda$getResponseFunction$0(HandshakeResponse.java:30)
at org.openqa.selenium.remote.ProtocolHandshake.lambda$createSession$0(ProtocolHandshake.java:126)
at java.util.stream.ReferencePipeline$3$1.accept(ReferencePipeline.java:193)
at java.util.Spliterators$ArraySpliterator.tryAdvance(Spliterators.java:958)
at java.util.stream.ReferencePipeline.forEachWithCancel(ReferencePipeline.java:126)
at java.util.stream.AbstractPipeline.copyIntoWithCancel(AbstractPipeline.java:499)
at java.util.stream.AbstractPipeline.copyInto(AbstractPipeline.java:486)
at java.util.stream.AbstractPipeline.wrapAndCopyInto(AbstractPipeline.java:472)
at java.util.stream.FindOps$FindOp.evaluateSequential(FindOps.java:152)
at java.util.stream.AbstractPipeline.evaluate(AbstractPipeline.java:234)
at java.util.stream.ReferencePipeline.findFirst(ReferencePipeline.java:464)
at org.openqa.selenium.remote.ProtocolHandshake.createSession(ProtocolHandshake.java:128)
at org.openqa.selenium.remote.ProtocolHandshake.createSession(ProtocolHandshake.java:74)
at org.openqa.selenium.remote.HttpCommandExecutor.execute(HttpCommandExecutor.java:136)
at org.openqa.selenium.remote.service.DriverCommandExecutor.execute(DriverCommandExecutor.java:83)
at org.openqa.selenium.remote.RemoteWebDriver.execute(RemoteWebDriver.java:552)
at org.openqa.selenium.remote.RemoteWebDriver.startSession(RemoteWebDriver.java:213)
at org.openqa.selenium.remote.RemoteWebDriver.<init>(RemoteWebDriver.java:131)
at org.openqa.selenium.chrome.ChromeDriver.<init>(ChromeDriver.java:181)
at org.openqa.selenium.chrome.ChromeDriver.<init>(ChromeDriver.java:168)
at org.openqa.selenium.chrome.ChromeDriver.<init>(ChromeDriver.java:123)
at com.app.base.BaseClass.initialization(BaseClass.java:41)
at com.app.testcases.HomePageTest.setup(HomePageTest.java:32)
at sun.reflect.NativeMethodAccessorImpl.invoke0(Native Method)
at sun.reflect.NativeMethodAccessorImpl.invoke(NativeMethodAccessorImpl.java:62)
at sun.reflect.DelegatingMethodAccessorImpl.invoke(DelegatingMethodAccessorImpl.java:43)
at java.lang.reflect.Method.invoke(Method.java:498)
at org.testng.internal.MethodInvocationHelper.invokeMethod(MethodInvocationHelper.java:124)
at org.testng.internal.MethodInvocationHelper.invokeMethodConsideringTimeout(MethodInvocationHelper.java:59)
at org.testng.internal.Invoker.invokeConfigurationMethod(Invoker.java:458)
at org.testng.internal.Invoker.invokeConfigurations(Invoker.java:222)
at org.testng.internal.Invoker.invokeMethod(Invoker.java:523)
at org.testng.internal.Invoker.invokeTestMethod(Invoker.java:719)
at org.testng.internal.Invoker.invokeTestMethods(Invoker.java:989)
at org.testng.internal.TestMethodWorker.invokeTestMethods(TestMethodWorker.java:125)
at org.testng.internal.TestMethodWorker.run(TestMethodWorker.java:109)
at org.testng.TestRunner.privateRun(TestRunner.java:648)
at org.testng.TestRunner.run(TestRunner.java:505)
at org.testng.SuiteRunner.runTest(SuiteRunner.java:455)
at org.testng.SuiteRunner.runSequentially(SuiteRunner.java:450)
at org.testng.SuiteRunner.privateRun(SuiteRunner.java:415)
at org.testng.SuiteRunner.run(SuiteRunner.java:364)
at org.testng.SuiteRunnerWorker.runSuite(SuiteRunnerWorker.java:52)
at org.testng.SuiteRunnerWorker.run(SuiteRunnerWorker.java:84)
at org.testng.TestNG.runSuitesSequentially(TestNG.java:1208)
at org.testng.TestNG.runSuitesLocally(TestNG.java:1137)
at org.testng.TestNG.runSuites(TestNG.java:1049)
at org.testng.TestNG.run(TestNG.java:1017)
at org.apache.maven.surefire.testng.TestNGExecutor.run(TestNGExecutor.java:283)
at org.apache.maven.surefire.testng.TestNGXmlTestSuite.execute(TestNGXmlTestSuite.java:75)
at org.apache.maven.surefire.testng.TestNGProvider.invoke(TestNGProvider.java:120)
at org.apache.maven.surefire.booter.ForkedBooter.invokeProviderInSameClassLoader(ForkedBooter.java:384)
at org.apache.maven.surefire.booter.ForkedBooter.runSuitesInProcess(ForkedBooter.java:345)
at org.apache.maven.surefire.booter.ForkedBooter.execute(ForkedBooter.java:126)
at org.apache.maven.surefire.booter.ForkedBooter.main(ForkedBooter.java:418)
]]>
    </error>
  </testcase> <!-- setup -->
  <testcase name="verifyHomePageTitle" time="0.000" classname="com.app.testcases.HomePageTest">
    <skipped/>
  </testcase> <!-- verifyHomePageTitle -->
  <testcase name="loggeduserValidation" time="0.000" classname="com.app.testcases.HomePageTest">
    <skipped/>
  </testcase> <!-- loggeduserValidation -->
  <testcase name="clickonContactLink" time="0.000" classname="com.app.testcases.HomePageTest">
    <skipped/>
  </testcase> <!-- clickonContactLink -->
  <testcase name="clickonDealsLink" time="0.000" classname="com.app.testcases.HomePageTest">
    <skipped/>
  </testcase> <!-- clickonDealsLink -->
</testsuite> <!-- com.app.testcases.HomePageTest -->
